[0.592s] Invoking command in '/afs/ec.auckland.ac.nz/users/j/z/jzen379/unixhome/ros2_ws/src/py_pubsub': PYTHONPATH=/afs/ec.auckland.ac.nz/users/j/z/jzen379/unixhome/ros2_ws/build/py_pubsub/prefix_override:/usr/lib/python3/dist-packages/colcon_core/task/python/colcon_distutils_commands:/afs/ec.auckland.ac.nz/users/j/z/jzen379/unixhome/ros2_ws/install/py_pubsub/lib/python3.10/site-packages:${PYTHONPATH} /usr/bin/python3 -W ignore:setup.py install is deprecated -W ignore:easy_install command is deprecated setup.py egg_info --egg-base ../../build/py_pubsub build --build-base /afs/ec.auckland.ac.nz/users/j/z/jzen379/unixhome/ros2_ws/build/py_pubsub/build install --record /afs/ec.auckland.ac.nz/users/j/z/jzen379/unixhome/ros2_ws/build/py_pubsub/install.log --single-version-externally-managed install_data
[0.720s] running egg_info
[0.722s] writing ../../build/py_pubsub/py_pubsub.egg-info/PKG-INFO
[0.724s] writing dependency_links to ../../build/py_pubsub/py_pubsub.egg-info/dependency_links.txt
[0.727s] writing entry points to ../../build/py_pubsub/py_pubsub.egg-info/entry_points.txt
[0.730s] writing requirements to ../../build/py_pubsub/py_pubsub.egg-info/requires.txt
[0.732s] writing top-level names to ../../build/py_pubsub/py_pubsub.egg-info/top_level.txt
[0.736s] reading manifest file '../../build/py_pubsub/py_pubsub.egg-info/SOURCES.txt'
[0.736s] adding license file 'LICENSE'
[0.737s] writing manifest file '../../build/py_pubsub/py_pubsub.egg-info/SOURCES.txt'
[0.740s] running build
[0.740s] running build_py
[0.740s] running install
[0.740s] running install_lib
[0.741s] running install_data
[0.741s] running install_egg_info
[0.742s] removing '/afs/ec.auckland.ac.nz/users/j/z/jzen379/unixhome/ros2_ws/install/py_pubsub/lib/python3.10/site-packages/py_pubsub-0.0.0-py3.10.egg-info' (and everything under it)
[0.758s] Copying ../../build/py_pubsub/py_pubsub.egg-info to /afs/ec.auckland.ac.nz/users/j/z/jzen379/unixhome/ros2_ws/install/py_pubsub/lib/python3.10/site-packages/py_pubsub-0.0.0-py3.10.egg-info
[0.806s] running install_scripts
[0.818s] Installing listener script to /afs/ec.auckland.ac.nz/users/j/z/jzen379/unixhome/ros2_ws/install/py_pubsub/lib/py_pubsub
[0.822s] Installing talker script to /afs/ec.auckland.ac.nz/users/j/z/jzen379/unixhome/ros2_ws/install/py_pubsub/lib/py_pubsub
[0.826s] writing list of installed files to '/afs/ec.auckland.ac.nz/users/j/z/jzen379/unixhome/ros2_ws/build/py_pubsub/install.log'
[0.843s] Invoked command in '/afs/ec.auckland.ac.nz/users/j/z/jzen379/unixhome/ros2_ws/src/py_pubsub' returned '0': PYTHONPATH=/afs/ec.auckland.ac.nz/users/j/z/jzen379/unixhome/ros2_ws/build/py_pubsub/prefix_override:/usr/lib/python3/dist-packages/colcon_core/task/python/colcon_distutils_commands:/afs/ec.auckland.ac.nz/users/j/z/jzen379/unixhome/ros2_ws/install/py_pubsub/lib/python3.10/site-packages:${PYTHONPATH} /usr/bin/python3 -W ignore:setup.py install is deprecated -W ignore:easy_install command is deprecated setup.py egg_info --egg-base ../../build/py_pubsub build --build-base /afs/ec.auckland.ac.nz/users/j/z/jzen379/unixhome/ros2_ws/build/py_pubsub/build install --record /afs/ec.auckland.ac.nz/users/j/z/jzen379/unixhome/ros2_ws/build/py_pubsub/install.log --single-version-externally-managed install_data
