[0.065s] DEBUG:colcon:Command line arguments: ['/usr/bin/colcon', 'build']
[0.065s] DEBUG:colcon:Parsed command line arguments: Namespace(log_base=None, log_level=None, verb_name='build', build_base='build', install_base='install', merge_install=False, symlink_install=False, test_result_base=None, continue_on_error=False, executor='parallel', parallel_workers=24, event_handlers=None, ignore_user_meta=False, metas=['./colcon.meta'], base_paths=['.'], packages_ignore=None, packages_ignore_regex=None, paths=None, packages_up_to=None, packages_up_to_regex=None, packages_above=None, packages_above_and_dependencies=None, packages_above_depth=None, packages_select_by_dep=None, packages_skip_by_dep=None, packages_skip_up_to=None, packages_select_build_failed=False, packages_skip_build_finished=False, packages_select_test_failures=False, packages_skip_test_passed=False, packages_select=None, packages_skip=None, packages_select_regex=None, packages_skip_regex=None, packages_start=None, packages_end=None, allow_overriding=[], cmake_args=None, cmake_target=None, cmake_target_skip_unavailable=False, cmake_clean_cache=False, cmake_clean_first=False, cmake_force_configure=False, ament_cmake_args=None, catkin_cmake_args=None, catkin_skip_building_tests=False, mixin_files=None, mixin=None, verb_parser=<colcon_mixin.mixin.mixin_argument.MixinArgumentDecorator object at 0x783a38577490>, verb_extension=<colcon_core.verb.build.BuildVerb object at 0x783a386c4340>, main=<bound method BuildVerb.main of <colcon_core.verb.build.BuildVerb object at 0x783a386c4340>>, mixin_verb=('build',))
[0.148s] Level 1:colcon.colcon_core.package_discovery:discover_packages(colcon_meta) check parameters
[0.148s] Level 1:colcon.colcon_core.package_discovery:discover_packages(recursive) check parameters
[0.148s] Level 1:colcon.colcon_core.package_discovery:discover_packages(ignore) check parameters
[0.148s] Level 1:colcon.colcon_core.package_discovery:discover_packages(path) check parameters
[0.148s] Level 1:colcon.colcon_core.package_discovery:discover_packages(colcon_meta) discover
[0.148s] Level 1:colcon.colcon_core.package_discovery:discover_packages(recursive) discover
[0.148s] INFO:colcon.colcon_core.package_discovery:Crawling recursively for packages in '/afs/ec.auckland.ac.nz/users/j/z/jzen379/unixhome/ros2_ws/src'
[0.148s] Level 1:colcon.colcon_core.package_identification:_identify(.) by extensions ['ignore', 'ignore_ament_install']
[0.148s] Level 1:colcon.colcon_core.package_identification:_identify(.) by extension 'ignore'
[0.148s] Level 1:colcon.colcon_core.package_identification:_identify(.) by extension 'ignore_ament_install'
[0.148s] Level 1:colcon.colcon_core.package_identification:_identify(.) by extensions ['colcon_pkg']
[0.148s] Level 1:colcon.colcon_core.package_identification:_identify(.) by extension 'colcon_pkg'
[0.148s] Level 1:colcon.colcon_core.package_identification:_identify(.) by extensions ['colcon_meta']
[0.148s] Level 1:colcon.colcon_core.package_identification:_identify(.) by extension 'colcon_meta'
[0.148s] Level 1:colcon.colcon_core.package_identification:_identify(.) by extensions ['ros']
[0.148s] Level 1:colcon.colcon_core.package_identification:_identify(.) by extension 'ros'
[0.154s] Level 1:colcon.colcon_core.package_identification:_identify(.) by extensions ['cmake', 'python']
[0.154s] Level 1:colcon.colcon_core.package_identification:_identify(.) by extension 'cmake'
[0.154s] Level 1:colcon.colcon_core.package_identification:_identify(.) by extension 'python'
[0.154s] Level 1:colcon.colcon_core.package_identification:_identify(.) by extensions ['python_setup_py']
[0.154s] Level 1:colcon.colcon_core.package_identification:_identify(.) by extension 'python_setup_py'
[0.154s] Level 1:colcon.colcon_core.package_identification:_identify(build) by extensions ['ignore', 'ignore_ament_install']
[0.154s] Level 1:colcon.colcon_core.package_identification:_identify(build) by extension 'ignore'
[0.154s] Level 1:colcon.colcon_core.package_identification:_identify(build) ignored
[0.154s] Level 1:colcon.colcon_core.package_identification:_identify(install) by extensions ['ignore', 'ignore_ament_install']
[0.154s] Level 1:colcon.colcon_core.package_identification:_identify(install) by extension 'ignore'
[0.154s] Level 1:colcon.colcon_core.package_identification:_identify(install) ignored
[0.154s] Level 1:colcon.colcon_core.package_identification:_identify(log) by extensions ['ignore', 'ignore_ament_install']
[0.154s] Level 1:colcon.colcon_core.package_identification:_identify(log) by extension 'ignore'
[0.154s] Level 1:colcon.colcon_core.package_identification:_identify(log) ignored
[0.154s] Level 1:colcon.colcon_core.package_identification:_identify(py_pubsub) by extensions ['ignore', 'ignore_ament_install']
[0.154s] Level 1:colcon.colcon_core.package_identification:_identify(py_pubsub) by extension 'ignore'
[0.154s] Level 1:colcon.colcon_core.package_identification:_identify(py_pubsub) by extension 'ignore_ament_install'
[0.154s] Level 1:colcon.colcon_core.package_identification:_identify(py_pubsub) by extensions ['colcon_pkg']
[0.155s] Level 1:colcon.colcon_core.package_identification:_identify(py_pubsub) by extension 'colcon_pkg'
[0.155s] Level 1:colcon.colcon_core.package_identification:_identify(py_pubsub) by extensions ['colcon_meta']
[0.155s] Level 1:colcon.colcon_core.package_identification:_identify(py_pubsub) by extension 'colcon_meta'
[0.155s] Level 1:colcon.colcon_core.package_identification:_identify(py_pubsub) by extensions ['ros']
[0.155s] Level 1:colcon.colcon_core.package_identification:_identify(py_pubsub) by extension 'ros'
[0.160s] DEBUG:colcon.colcon_core.package_identification:Package 'py_pubsub' with type 'ros.ament_python' and name 'py_pubsub'
[0.160s] Level 1:colcon.colcon_core.package_identification:_identify(turtlebot_sensor) by extensions ['ignore', 'ignore_ament_install']
[0.160s] Level 1:colcon.colcon_core.package_identification:_identify(turtlebot_sensor) by extension 'ignore'
[0.160s] Level 1:colcon.colcon_core.package_identification:_identify(turtlebot_sensor) by extension 'ignore_ament_install'
[0.160s] Level 1:colcon.colcon_core.package_identification:_identify(turtlebot_sensor) by extensions ['colcon_pkg']
[0.160s] Level 1:colcon.colcon_core.package_identification:_identify(turtlebot_sensor) by extension 'colcon_pkg'
[0.160s] Level 1:colcon.colcon_core.package_identification:_identify(turtlebot_sensor) by extensions ['colcon_meta']
[0.160s] Level 1:colcon.colcon_core.package_identification:_identify(turtlebot_sensor) by extension 'colcon_meta'
[0.160s] Level 1:colcon.colcon_core.package_identification:_identify(turtlebot_sensor) by extensions ['ros']
[0.160s] Level 1:colcon.colcon_core.package_identification:_identify(turtlebot_sensor) by extension 'ros'
[0.161s] DEBUG:colcon.colcon_core.package_identification:Package 'turtlebot_sensor' with type 'ros.ament_python' and name 'turtlebot_sensor'
[0.161s] Level 1:colcon.colcon_core.package_discovery:discover_packages(recursive) using defaults
[0.161s] Level 1:colcon.colcon_core.package_discovery:discover_packages(ignore) discover
[0.161s] Level 1:colcon.colcon_core.package_discovery:discover_packages(ignore) using defaults
[0.161s] Level 1:colcon.colcon_core.package_discovery:discover_packages(path) discover
[0.161s] Level 1:colcon.colcon_core.package_discovery:discover_packages(path) using defaults
[0.170s] Level 1:colcon.colcon_core.package_discovery:discover_packages(prefix_path) check parameters
[0.170s] Level 1:colcon.colcon_core.package_discovery:discover_packages(prefix_path) discover
[0.171s] DEBUG:colcon.colcon_installed_package_information.package_discovery:Found 2 installed packages in /afs/ec.auckland.ac.nz/users/j/z/jzen379/unixhome/ros2_ws/install
[0.172s] DEBUG:colcon.colcon_installed_package_information.package_discovery:Found 433 installed packages in /opt/ros/humble
[0.173s] Level 1:colcon.colcon_core.package_discovery:discover_packages(prefix_path) using defaults
[0.194s] Level 5:colcon.colcon_core.verb:set package 'py_pubsub' build argument 'cmake_args' from command line to 'None'
[0.194s] Level 5:colcon.colcon_core.verb:set package 'py_pubsub' build argument 'cmake_target' from command line to 'None'
[0.194s] Level 5:colcon.colcon_core.verb:set package 'py_pubsub' build argument 'cmake_target_skip_unavailable' from command line to 'False'
[0.194s] Level 5:colcon.colcon_core.verb:set package 'py_pubsub' build argument 'cmake_clean_cache' from command line to 'False'
[0.194s] Level 5:colcon.colcon_core.verb:set package 'py_pubsub' build argument 'cmake_clean_first' from command line to 'False'
[0.194s] Level 5:colcon.colcon_core.verb:set package 'py_pubsub' build argument 'cmake_force_configure' from command line to 'False'
[0.194s] Level 5:colcon.colcon_core.verb:set package 'py_pubsub' build argument 'ament_cmake_args' from command line to 'None'
[0.194s] Level 5:colcon.colcon_core.verb:set package 'py_pubsub' build argument 'catkin_cmake_args' from command line to 'None'
[0.194s] Level 5:colcon.colcon_core.verb:set package 'py_pubsub' build argument 'catkin_skip_building_tests' from command line to 'False'
[0.194s] DEBUG:colcon.colcon_core.verb:Building package 'py_pubsub' with the following arguments: {'ament_cmake_args': None, 'build_base': '/afs/ec.auckland.ac.nz/users/j/z/jzen379/unixhome/ros2_ws/src/build/py_pubsub', 'catkin_cmake_args': None, 'catkin_skip_building_tests': False, 'cmake_args': None, 'cmake_clean_cache': False, 'cmake_clean_first': False, 'cmake_force_configure': False, 'cmake_target': None, 'cmake_target_skip_unavailable': False, 'install_base': '/afs/ec.auckland.ac.nz/users/j/z/jzen379/unixhome/ros2_ws/src/install/py_pubsub', 'merge_install': False, 'path': '/afs/ec.auckland.ac.nz/users/j/z/jzen379/unixhome/ros2_ws/src/py_pubsub', 'symlink_install': False, 'test_result_base': None}
[0.194s] Level 5:colcon.colcon_core.verb:set package 'turtlebot_sensor' build argument 'cmake_args' from command line to 'None'
[0.194s] Level 5:colcon.colcon_core.verb:set package 'turtlebot_sensor' build argument 'cmake_target' from command line to 'None'
[0.194s] Level 5:colcon.colcon_core.verb:set package 'turtlebot_sensor' build argument 'cmake_target_skip_unavailable' from command line to 'False'
[0.194s] Level 5:colcon.colcon_core.verb:set package 'turtlebot_sensor' build argument 'cmake_clean_cache' from command line to 'False'
[0.194s] Level 5:colcon.colcon_core.verb:set package 'turtlebot_sensor' build argument 'cmake_clean_first' from command line to 'False'
[0.194s] Level 5:colcon.colcon_core.verb:set package 'turtlebot_sensor' build argument 'cmake_force_configure' from command line to 'False'
[0.194s] Level 5:colcon.colcon_core.verb:set package 'turtlebot_sensor' build argument 'ament_cmake_args' from command line to 'None'
[0.194s] Level 5:colcon.colcon_core.verb:set package 'turtlebot_sensor' build argument 'catkin_cmake_args' from command line to 'None'
[0.194s] Level 5:colcon.colcon_core.verb:set package 'turtlebot_sensor' build argument 'catkin_skip_building_tests' from command line to 'False'
[0.194s] DEBUG:colcon.colcon_core.verb:Building package 'turtlebot_sensor' with the following arguments: {'ament_cmake_args': None, 'build_base': '/afs/ec.auckland.ac.nz/users/j/z/jzen379/unixhome/ros2_ws/src/build/turtlebot_sensor', 'catkin_cmake_args': None, 'catkin_skip_building_tests': False, 'cmake_args': None, 'cmake_clean_cache': False, 'cmake_clean_first': False, 'cmake_force_configure': False, 'cmake_target': None, 'cmake_target_skip_unavailable': False, 'install_base': '/afs/ec.auckland.ac.nz/users/j/z/jzen379/unixhome/ros2_ws/src/install/turtlebot_sensor', 'merge_install': False, 'path': '/afs/ec.auckland.ac.nz/users/j/z/jzen379/unixhome/ros2_ws/src/turtlebot_sensor', 'symlink_install': False, 'test_result_base': None}
[0.194s] INFO:colcon.colcon_core.executor:Executing jobs using 'parallel' executor
[0.195s] DEBUG:colcon.colcon_parallel_executor.executor.parallel:run_until_complete
[0.195s] INFO:colcon.colcon_ros.task.ament_python.build:Building ROS package in '/afs/ec.auckland.ac.nz/users/j/z/jzen379/unixhome/ros2_ws/src/py_pubsub' with build type 'ament_python'
[0.195s] Level 1:colcon.colcon_core.shell:create_environment_hook('py_pubsub', 'ament_prefix_path')
[0.196s] INFO:colcon.colcon_core.plugin_system:Skipping extension 'colcon_core.shell.bat': Not used on non-Windows systems
[0.196s] INFO:colcon.colcon_core.shell:Creating environment hook '/afs/ec.auckland.ac.nz/users/j/z/jzen379/unixhome/ros2_ws/src/install/py_pubsub/share/py_pubsub/hook/ament_prefix_path.ps1'
[0.199s] INFO:colcon.colcon_core.shell:Creating environment descriptor '/afs/ec.auckland.ac.nz/users/j/z/jzen379/unixhome/ros2_ws/src/install/py_pubsub/share/py_pubsub/hook/ament_prefix_path.dsv'
[0.202s] INFO:colcon.colcon_core.shell:Creating environment hook '/afs/ec.auckland.ac.nz/users/j/z/jzen379/unixhome/ros2_ws/src/install/py_pubsub/share/py_pubsub/hook/ament_prefix_path.sh'
[0.205s] INFO:colcon.colcon_core.shell:Skip shell extension 'powershell' for command environment: Not usable outside of PowerShell
[0.205s] DEBUG:colcon.colcon_core.shell:Skip shell extension 'dsv' for command environment
[0.210s] INFO:colcon.colcon_ros.task.ament_python.build:Building ROS package in '/afs/ec.auckland.ac.nz/users/j/z/jzen379/unixhome/ros2_ws/src/turtlebot_sensor' with build type 'ament_python'
[0.210s] Level 1:colcon.colcon_core.shell:create_environment_hook('turtlebot_sensor', 'ament_prefix_path')
[0.210s] INFO:colcon.colcon_core.shell:Creating environment hook '/afs/ec.auckland.ac.nz/users/j/z/jzen379/unixhome/ros2_ws/src/install/turtlebot_sensor/share/turtlebot_sensor/hook/ament_prefix_path.ps1'
[0.213s] INFO:colcon.colcon_core.shell:Creating environment descriptor '/afs/ec.auckland.ac.nz/users/j/z/jzen379/unixhome/ros2_ws/src/install/turtlebot_sensor/share/turtlebot_sensor/hook/ament_prefix_path.dsv'
[0.215s] INFO:colcon.colcon_core.shell:Creating environment hook '/afs/ec.auckland.ac.nz/users/j/z/jzen379/unixhome/ros2_ws/src/install/turtlebot_sensor/share/turtlebot_sensor/hook/ament_prefix_path.sh'
[0.218s] INFO:colcon.colcon_core.shell:Skip shell extension 'powershell' for command environment: Not usable outside of PowerShell
[0.218s] DEBUG:colcon.colcon_core.shell:Skip shell extension 'dsv' for command environment
[0.360s] INFO:colcon.colcon_core.task.python.build:Building Python package in '/afs/ec.auckland.ac.nz/users/j/z/jzen379/unixhome/ros2_ws/src/py_pubsub'
[0.361s] INFO:colcon.colcon_core.shell:Skip shell extension 'powershell' for command environment: Not usable outside of PowerShell
[0.361s] DEBUG:colcon.colcon_core.shell:Skip shell extension 'dsv' for command environment
[0.495s] INFO:colcon.colcon_core.task.python.build:Building Python package in '/afs/ec.auckland.ac.nz/users/j/z/jzen379/unixhome/ros2_ws/src/turtlebot_sensor'
[0.495s] INFO:colcon.colcon_core.shell:Skip shell extension 'powershell' for command environment: Not usable outside of PowerShell
[0.495s] DEBUG:colcon.colcon_core.shell:Skip shell extension 'dsv' for command environment
[0.718s] DEBUG:colcon.colcon_core.event_handler.log_command:Invoking command in '/afs/ec.auckland.ac.nz/users/j/z/jzen379/unixhome/ros2_ws/src/py_pubsub': PYTHONPATH=/afs/ec.auckland.ac.nz/users/j/z/jzen379/unixhome/ros2_ws/src/build/py_pubsub/prefix_override:/usr/lib/python3/dist-packages/colcon_core/task/python/colcon_distutils_commands:/afs/ec.auckland.ac.nz/users/j/z/jzen379/unixhome/ros2_ws/src/install/py_pubsub/lib/python3.10/site-packages:${PYTHONPATH} /usr/bin/python3 -W ignore:setup.py install is deprecated -W ignore:easy_install command is deprecated setup.py egg_info --egg-base ../build/py_pubsub build --build-base /afs/ec.auckland.ac.nz/users/j/z/jzen379/unixhome/ros2_ws/src/build/py_pubsub/build install --record /afs/ec.auckland.ac.nz/users/j/z/jzen379/unixhome/ros2_ws/src/build/py_pubsub/install.log --single-version-externally-managed install_data
[0.735s] DEBUG:colcon.colcon_core.event_handler.log_command:Invoking command in '/afs/ec.auckland.ac.nz/users/j/z/jzen379/unixhome/ros2_ws/src/turtlebot_sensor': PYTHONPATH=/afs/ec.auckland.ac.nz/users/j/z/jzen379/unixhome/ros2_ws/src/build/turtlebot_sensor/prefix_override:/usr/lib/python3/dist-packages/colcon_core/task/python/colcon_distutils_commands:/afs/ec.auckland.ac.nz/users/j/z/jzen379/unixhome/ros2_ws/src/install/turtlebot_sensor/lib/python3.10/site-packages:${PYTHONPATH} /usr/bin/python3 -W ignore:setup.py install is deprecated -W ignore:easy_install command is deprecated setup.py egg_info --egg-base ../build/turtlebot_sensor build --build-base /afs/ec.auckland.ac.nz/users/j/z/jzen379/unixhome/ros2_ws/src/build/turtlebot_sensor/build install --record /afs/ec.auckland.ac.nz/users/j/z/jzen379/unixhome/ros2_ws/src/build/turtlebot_sensor/install.log --single-version-externally-managed install_data
[0.948s] DEBUG:colcon.colcon_core.event_handler.log_command:Invoked command in '/afs/ec.auckland.ac.nz/users/j/z/jzen379/unixhome/ros2_ws/src/py_pubsub' returned '0': PYTHONPATH=/afs/ec.auckland.ac.nz/users/j/z/jzen379/unixhome/ros2_ws/src/build/py_pubsub/prefix_override:/usr/lib/python3/dist-packages/colcon_core/task/python/colcon_distutils_commands:/afs/ec.auckland.ac.nz/users/j/z/jzen379/unixhome/ros2_ws/src/install/py_pubsub/lib/python3.10/site-packages:${PYTHONPATH} /usr/bin/python3 -W ignore:setup.py install is deprecated -W ignore:easy_install command is deprecated setup.py egg_info --egg-base ../build/py_pubsub build --build-base /afs/ec.auckland.ac.nz/users/j/z/jzen379/unixhome/ros2_ws/src/build/py_pubsub/build install --record /afs/ec.auckland.ac.nz/users/j/z/jzen379/unixhome/ros2_ws/src/build/py_pubsub/install.log --single-version-externally-managed install_data
[0.949s] Level 1:colcon.colcon_core.environment:checking '/afs/ec.auckland.ac.nz/users/j/z/jzen379/unixhome/ros2_ws/src/install/py_pubsub' for CMake module files
[0.950s] Level 1:colcon.colcon_core.environment:checking '/afs/ec.auckland.ac.nz/users/j/z/jzen379/unixhome/ros2_ws/src/install/py_pubsub' for CMake config files
[0.950s] Level 1:colcon.colcon_core.environment:checking '/afs/ec.auckland.ac.nz/users/j/z/jzen379/unixhome/ros2_ws/src/install/py_pubsub/lib'
[0.950s] Level 1:colcon.colcon_core.environment:checking '/afs/ec.auckland.ac.nz/users/j/z/jzen379/unixhome/ros2_ws/src/install/py_pubsub/bin'
[0.950s] Level 1:colcon.colcon_core.environment:checking '/afs/ec.auckland.ac.nz/users/j/z/jzen379/unixhome/ros2_ws/src/install/py_pubsub/lib/pkgconfig/py_pubsub.pc'
[0.950s] Level 1:colcon.colcon_core.environment:checking '/afs/ec.auckland.ac.nz/users/j/z/jzen379/unixhome/ros2_ws/src/install/py_pubsub/lib/python3.10/site-packages'
[0.950s] Level 1:colcon.colcon_core.shell:create_environment_hook('py_pubsub', 'pythonpath')
[0.951s] INFO:colcon.colcon_core.shell:Creating environment hook '/afs/ec.auckland.ac.nz/users/j/z/jzen379/unixhome/ros2_ws/src/install/py_pubsub/share/py_pubsub/hook/pythonpath.ps1'
[0.953s] INFO:colcon.colcon_core.shell:Creating environment descriptor '/afs/ec.auckland.ac.nz/users/j/z/jzen379/unixhome/ros2_ws/src/install/py_pubsub/share/py_pubsub/hook/pythonpath.dsv'
[0.956s] INFO:colcon.colcon_core.shell:Creating environment hook '/afs/ec.auckland.ac.nz/users/j/z/jzen379/unixhome/ros2_ws/src/install/py_pubsub/share/py_pubsub/hook/pythonpath.sh'
[0.959s] Level 1:colcon.colcon_core.environment:checking '/afs/ec.auckland.ac.nz/users/j/z/jzen379/unixhome/ros2_ws/src/install/py_pubsub/bin'
[0.959s] Level 1:colcon.colcon_core.environment:create_environment_scripts_only(py_pubsub)
[0.959s] INFO:colcon.colcon_core.shell:Creating package script '/afs/ec.auckland.ac.nz/users/j/z/jzen379/unixhome/ros2_ws/src/install/py_pubsub/share/py_pubsub/package.ps1'
[0.963s] INFO:colcon.colcon_core.shell:Creating package descriptor '/afs/ec.auckland.ac.nz/users/j/z/jzen379/unixhome/ros2_ws/src/install/py_pubsub/share/py_pubsub/package.dsv'
[0.966s] INFO:colcon.colcon_core.shell:Creating package script '/afs/ec.auckland.ac.nz/users/j/z/jzen379/unixhome/ros2_ws/src/install/py_pubsub/share/py_pubsub/package.sh'
[0.970s] INFO:colcon.colcon_core.shell:Creating package script '/afs/ec.auckland.ac.nz/users/j/z/jzen379/unixhome/ros2_ws/src/install/py_pubsub/share/py_pubsub/package.bash'
[0.973s] INFO:colcon.colcon_core.shell:Creating package script '/afs/ec.auckland.ac.nz/users/j/z/jzen379/unixhome/ros2_ws/src/install/py_pubsub/share/py_pubsub/package.zsh'
[0.978s] Level 1:colcon.colcon_core.environment:create_file_with_runtime_dependencies(/afs/ec.auckland.ac.nz/users/j/z/jzen379/unixhome/ros2_ws/src/install/py_pubsub/share/colcon-core/packages/py_pubsub)
[0.983s] Level 1:colcon.colcon_core.environment:checking '/afs/ec.auckland.ac.nz/users/j/z/jzen379/unixhome/ros2_ws/src/install/turtlebot_sensor' for CMake module files
[0.983s] Level 1:colcon.colcon_core.environment:checking '/afs/ec.auckland.ac.nz/users/j/z/jzen379/unixhome/ros2_ws/src/install/turtlebot_sensor' for CMake config files
[0.985s] Level 1:colcon.colcon_core.environment:checking '/afs/ec.auckland.ac.nz/users/j/z/jzen379/unixhome/ros2_ws/src/install/turtlebot_sensor/lib'
[0.985s] Level 1:colcon.colcon_core.environment:checking '/afs/ec.auckland.ac.nz/users/j/z/jzen379/unixhome/ros2_ws/src/install/turtlebot_sensor/bin'
[0.985s] Level 1:colcon.colcon_core.environment:checking '/afs/ec.auckland.ac.nz/users/j/z/jzen379/unixhome/ros2_ws/src/install/turtlebot_sensor/lib/pkgconfig/turtlebot_sensor.pc'
[0.985s] Level 1:colcon.colcon_core.environment:checking '/afs/ec.auckland.ac.nz/users/j/z/jzen379/unixhome/ros2_ws/src/install/turtlebot_sensor/lib/python3.10/site-packages'
[0.985s] Level 1:colcon.colcon_core.shell:create_environment_hook('turtlebot_sensor', 'pythonpath')
[0.985s] INFO:colcon.colcon_core.shell:Creating environment hook '/afs/ec.auckland.ac.nz/users/j/z/jzen379/unixhome/ros2_ws/src/install/turtlebot_sensor/share/turtlebot_sensor/hook/pythonpath.ps1'
[0.988s] INFO:colcon.colcon_core.shell:Creating environment descriptor '/afs/ec.auckland.ac.nz/users/j/z/jzen379/unixhome/ros2_ws/src/install/turtlebot_sensor/share/turtlebot_sensor/hook/pythonpath.dsv'
[0.991s] INFO:colcon.colcon_core.shell:Creating environment hook '/afs/ec.auckland.ac.nz/users/j/z/jzen379/unixhome/ros2_ws/src/install/turtlebot_sensor/share/turtlebot_sensor/hook/pythonpath.sh'
[0.997s] Level 1:colcon.colcon_core.environment:checking '/afs/ec.auckland.ac.nz/users/j/z/jzen379/unixhome/ros2_ws/src/install/turtlebot_sensor/bin'
[0.997s] Level 1:colcon.colcon_core.environment:create_environment_scripts_only(turtlebot_sensor)
[0.997s] INFO:colcon.colcon_core.shell:Creating package script '/afs/ec.auckland.ac.nz/users/j/z/jzen379/unixhome/ros2_ws/src/install/turtlebot_sensor/share/turtlebot_sensor/package.ps1'
[0.999s] DEBUG:colcon.colcon_core.event_handler.log_command:Invoked command in '/afs/ec.auckland.ac.nz/users/j/z/jzen379/unixhome/ros2_ws/src/turtlebot_sensor' returned '0': PYTHONPATH=/afs/ec.auckland.ac.nz/users/j/z/jzen379/unixhome/ros2_ws/src/build/turtlebot_sensor/prefix_override:/usr/lib/python3/dist-packages/colcon_core/task/python/colcon_distutils_commands:/afs/ec.auckland.ac.nz/users/j/z/jzen379/unixhome/ros2_ws/src/install/turtlebot_sensor/lib/python3.10/site-packages:${PYTHONPATH} /usr/bin/python3 -W ignore:setup.py install is deprecated -W ignore:easy_install command is deprecated setup.py egg_info --egg-base ../build/turtlebot_sensor build --build-base /afs/ec.auckland.ac.nz/users/j/z/jzen379/unixhome/ros2_ws/src/build/turtlebot_sensor/build install --record /afs/ec.auckland.ac.nz/users/j/z/jzen379/unixhome/ros2_ws/src/build/turtlebot_sensor/install.log --single-version-externally-managed install_data
[1.002s] INFO:colcon.colcon_core.shell:Creating package descriptor '/afs/ec.auckland.ac.nz/users/j/z/jzen379/unixhome/ros2_ws/src/install/turtlebot_sensor/share/turtlebot_sensor/package.dsv'
[1.006s] INFO:colcon.colcon_core.shell:Creating package script '/afs/ec.auckland.ac.nz/users/j/z/jzen379/unixhome/ros2_ws/src/install/turtlebot_sensor/share/turtlebot_sensor/package.sh'
[1.011s] INFO:colcon.colcon_core.shell:Creating package script '/afs/ec.auckland.ac.nz/users/j/z/jzen379/unixhome/ros2_ws/src/install/turtlebot_sensor/share/turtlebot_sensor/package.bash'
[1.015s] INFO:colcon.colcon_core.shell:Creating package script '/afs/ec.auckland.ac.nz/users/j/z/jzen379/unixhome/ros2_ws/src/install/turtlebot_sensor/share/turtlebot_sensor/package.zsh'
[1.019s] Level 1:colcon.colcon_core.environment:create_file_with_runtime_dependencies(/afs/ec.auckland.ac.nz/users/j/z/jzen379/unixhome/ros2_ws/src/install/turtlebot_sensor/share/colcon-core/packages/turtlebot_sensor)
[1.022s] DEBUG:colcon.colcon_parallel_executor.executor.parallel:closing loop
[1.023s] DEBUG:colcon.colcon_parallel_executor.executor.parallel:loop closed
[1.023s] DEBUG:colcon.colcon_parallel_executor.executor.parallel:run_until_complete finished with '0'
[1.023s] DEBUG:colcon.colcon_core.event_reactor:joining thread
[1.045s] INFO:colcon.colcon_core.plugin_system:Skipping extension 'colcon_notification.desktop_notification.terminal_notifier': Not used on non-Darwin systems
[1.045s] INFO:colcon.colcon_core.plugin_system:Skipping extension 'colcon_notification.desktop_notification.win32': Not used on non-Windows systems
[1.045s] INFO:colcon.colcon_notification.desktop_notification:Sending desktop notification using 'notify2'
[1.051s] DEBUG:colcon.colcon_core.event_reactor:joined thread
[1.051s] INFO:colcon.colcon_core.shell:Creating prefix script '/afs/ec.auckland.ac.nz/users/j/z/jzen379/unixhome/ros2_ws/src/install/local_setup.ps1'
[1.055s] INFO:colcon.colcon_core.shell:Creating prefix util module '/afs/ec.auckland.ac.nz/users/j/z/jzen379/unixhome/ros2_ws/src/install/_local_setup_util_ps1.py'
[1.062s] INFO:colcon.colcon_core.shell:Creating prefix chain script '/afs/ec.auckland.ac.nz/users/j/z/jzen379/unixhome/ros2_ws/src/install/setup.ps1'
[1.065s] INFO:colcon.colcon_core.shell:Creating prefix script '/afs/ec.auckland.ac.nz/users/j/z/jzen379/unixhome/ros2_ws/src/install/local_setup.sh'
[1.070s] INFO:colcon.colcon_core.shell:Creating prefix util module '/afs/ec.auckland.ac.nz/users/j/z/jzen379/unixhome/ros2_ws/src/install/_local_setup_util_sh.py'
[1.077s] INFO:colcon.colcon_core.shell:Creating prefix chain script '/afs/ec.auckland.ac.nz/users/j/z/jzen379/unixhome/ros2_ws/src/install/setup.sh'
[1.081s] INFO:colcon.colcon_core.shell:Creating prefix script '/afs/ec.auckland.ac.nz/users/j/z/jzen379/unixhome/ros2_ws/src/install/local_setup.bash'
[1.085s] INFO:colcon.colcon_core.shell:Creating prefix chain script '/afs/ec.auckland.ac.nz/users/j/z/jzen379/unixhome/ros2_ws/src/install/setup.bash'
[1.089s] INFO:colcon.colcon_core.shell:Creating prefix script '/afs/ec.auckland.ac.nz/users/j/z/jzen379/unixhome/ros2_ws/src/install/local_setup.zsh'
[1.094s] INFO:colcon.colcon_core.shell:Creating prefix chain script '/afs/ec.auckland.ac.nz/users/j/z/jzen379/unixhome/ros2_ws/src/install/setup.zsh'
