[0.000000] (-) TimerEvent: {}
[0.000128] (py_pubsub) JobQueued: {'identifier': 'py_pubsub', 'dependencies': OrderedDict()}
[0.000161] (turtlebot_sensor) JobQueued: {'identifier': 'turtlebot_sensor', 'dependencies': OrderedDict()}
[0.000185] (py_pubsub) JobStarted: {'identifier': 'py_pubsub'}
[0.012044] (turtlebot_sensor) JobStarted: {'identifier': 'turtlebot_sensor'}
[0.097602] (-) TimerEvent: {}
[0.197869] (-) TimerEvent: {}
[0.298151] (-) TimerEvent: {}
[0.398394] (-) TimerEvent: {}
[0.498632] (-) TimerEvent: {}
[0.547003] (py_pubsub) Command: {'cmd': ['/usr/bin/python3', '-W', 'ignore:setup.py install is deprecated', '-W', 'ignore:easy_install command is deprecated', 'setup.py', 'egg_info', '--egg-base', '../../build/py_pubsub', 'build', '--build-base', '/afs/ec.auckland.ac.nz/users/j/z/jzen379/unixhome/ros2_ws/build/py_pubsub/build', 'install', '--record', '/afs/ec.auckland.ac.nz/users/j/z/jzen379/unixhome/ros2_ws/build/py_pubsub/install.log', '--single-version-externally-managed', 'install_data'], 'cwd': '/afs/ec.auckland.ac.nz/users/j/z/jzen379/unixhome/ros2_ws/src/py_pubsub', 'env': {'LANGUAGE': 'en_NZ:en', 'USER': 'jzen379', 'XDG_SESSION_TYPE': 'x11', 'GIT_ASKPASS': '/usr/share/code/resources/app/extensions/git/dist/askpass.sh', 'XDG_CACHE_HOME': '/tmp/.cache-jzen379/xdg', 'SHLVL': '2', 'LD_LIBRARY_PATH': '/opt/ros/humble/opt/rviz_ogre_vendor/lib:/opt/ros/humble/lib/x86_64-linux-gnu:/opt/ros/humble/lib:/usr/local/cuda/lib', 'PERL_LOCAL_LIB_ROOT': '/afs/ec.auckland.ac.nz/users/j/z/jzen379/unixhome/perl5', 'HOME': '/afs/ec.auckland.ac.nz/users/j/z/jzen379/unixhome', 'CHROME_DESKTOP': 'code.desktop', 'OLDPWD': '/afs/ec.auckland.ac.nz/users/j/z/jzen379/unixhome', 'TERM_PROGRAM_VERSION': '1.97.1', 'DESKTOP_SESSION': 'ubuntu', 'ROS_PYTHON_VERSION': '3', 'GNOME_SHELL_SESSION_MODE': 'ubuntu', 'GTK_MODULES': 'gail:atk-bridge:appmenu-gtk-module:appmenu-gtk-module', 'VSCODE_GIT_ASKPASS_MAIN': '/usr/share/code/resources/app/extensions/git/dist/askpass-main.js', 'VSCODE_GIT_ASKPASS_NODE': '/usr/share/code/code', 'PYDEVD_DISABLE_FILE_VALIDATION': '1', 'SYSTEMD_EXEC_PID': '4267', 'BUNDLED_DEBUGPY_PATH': '/afs/ec.auckland.ac.nz/users/j/z/jzen379/unixhome/.vscode/extensions/ms-python.debugpy-2025.8.0-linux-x64/bundled/libs/debugpy', 'DBUS_SESSION_BUS_ADDRESS': 'unix:path=/run/user/236169613/bus', 'COLORTERM': 'truecolor', 'UBUNTU_MENUPROXY': '1', 'IM_CONFIG_PHASE': '1', 'COLCON_PREFIX_PATH': '/afs/ec.auckland.ac.nz/users/j/z/jzen379/unixhome/ros2_ws/install', 'ROS_DISTRO': 'humble', 'GTK_IM_MODULE': 'ibus', 'LOGNAME': 'jzen379', 'IGN_GAZEBO_MODEL_PATH': '/opt/ros/humble/share', '_': '/usr/bin/colcon', 'ROS_VERSION': '2', 'XDG_SESSION_CLASS': 'user', 'USERNAME': 'jzen379', 'TERM': 'xterm-256color', 'PERL_MB_OPT': '--install_base "/afs/ec.auckland.ac.nz/users/j/z/jzen379/unixhome/perl5"', 'GAZEBO_MODEL_PATH': '/opt/ros/humble/share', 'GNOME_DESKTOP_SESSION_ID': 'this-is-deprecated', 'ROS_LOCALHOST_ONLY': '0', 'WINDOWPATH': '2', 'PATH': '/opt/ros/humble/bin:/afs/ec.auckland.ac.nz/users/j/z/jzen379/unixhome/perl5/bin:/afs/ec.auckland.ac.nz/users/j/z/jzen379/unixhome/.local/bin:/afs/ec.auckland.ac.nz/users/j/z/jzen379/unixhome/.local/share/gem/ruby/3.0.0/bin:/usr/lib/jvm/java-11-amazon-corretto/bin:/usr/local/sbin:/usr/local/bin:/usr/sbin:/usr/bin:/sbin:/bin:/usr/games:/usr/local/games:/snap/bin:/snap/bin:/usr/local/cuda/bin:/opt/puppetlabs/bin:/afs/ec.auckland.ac.nz/users/j/z/jzen379/unixhome/.vscode/extensions/ms-python.debugpy-2025.8.0-linux-x64/bundled/scripts/noConfigScripts', 'SESSION_MANAGER': 'local/en436783.uoa.auckland.ac.nz:@/tmp/.ICE-unix/4244,unix/en436783.uoa.auckland.ac.nz:/tmp/.ICE-unix/4244', 'FASTRTPS_DEFAULT_PROFILES_FILE': '/afs/ec.auckland.ac.nz/users/j/z/jzen379/unixhome/super_client_configuration_file.xml', 'XDG_MENU_PREFIX': 'gnome-', 'GNOME_TERMINAL_SCREEN': '/org/gnome/Terminal/screen/3f40e9d0_4699_4578_8745_f4a8b9dc6ae6', 'PERL5LIB': '/afs/ec.auckland.ac.nz/users/j/z/jzen379/unixhome/perl5/lib/perl5', 'XDG_RUNTIME_DIR': '/run/user/236169613', 'GDK_BACKEND': 'x11', 'DISPLAY': ':1', 'VSCODE_DEBUGPY_ADAPTER_ENDPOINTS': '/afs/ec.auckland.ac.nz/users/j/z/jzen379/unixhome/.vscode/extensions/ms-python.debugpy-2025.8.0-linux-x64/.noConfigDebugAdapterEndpoints/endpoint-0d6ba41ee6198c50.txt', 'LANG': 'en_NZ.UTF-8', 'XDG_CURRENT_DESKTOP': 'Unity', 'XMODIFIERS': '@im=ibus', 'XDG_SESSION_DESKTOP': 'ubuntu', 'XAUTHORITY': '/run/user/236169613/gdm/Xauthority', 'VSCODE_GIT_IPC_HANDLE': '/run/user/236169613/vscode-git-3b9bb59097.sock', 'GNOME_TERMINAL_SERVICE': ':1.119', 'TERM_PROGRAM': 'vscode', 'SSH_AGENT_LAUNCHER': 'gnome-keyring', 'SSH_AUTH_SOCK': '/run/user/236169613/keyring/ssh', 'ROS_DOMAIN_ID': '6', 'AMENT_PREFIX_PATH': '/afs/ec.auckland.ac.nz/users/j/z/jzen379/unixhome/ros2_ws/install/turtlebot_sensor:/afs/ec.auckland.ac.nz/users/j/z/jzen379/unixhome/ros2_ws/install/py_pubsub:/opt/ros/humble', 'ORIGINAL_XDG_CURRENT_DESKTOP': 'ubuntu:GNOME', 'SHELL': '/bin/bash', 'KRB5CCNAME': 'FILE:/tmp/krb5cc_236169613_zIPvk5', 'ROS_DISCOVERY_SERVER': '172.24.192.15:11811', 'QT_ACCESSIBILITY': '1', 'GDMSESSION': 'ubuntu', 'PERL_MM_OPT': 'INSTALL_BASE=/afs/ec.auckland.ac.nz/users/j/z/jzen379/unixhome/perl5', 'IGN_GAZEBO_RESOURCE_PATH': '/opt/ros/humble/share', 'GPG_AGENT_INFO': '/run/user/236169613/gnupg/S.gpg-agent:0:1', 'GAZEBO_RESOURCE_PATH': '/opt/ros/humble/share', 'VSCODE_GIT_ASKPASS_EXTRA_ARGS': '', 'QT_IM_MODULE': 'ibus', 'JAVA_HOME': '/usr/lib/jvm/java-11-amazon-corretto', 'PWD': '/afs/ec.auckland.ac.nz/users/j/z/jzen379/unixhome/ros2_ws/build/py_pubsub', 'XDG_CONFIG_DIRS': '/etc/xdg/xdg-ubuntu:/etc/xdg', 'XDG_DATA_DIRS': '/usr/share/ubuntu:/usr/share/gnome:/afs/ec.auckland.ac.nz/users/j/z/jzen379/unixhome/.local/share/flatpak/exports/share:/var/lib/flatpak/exports/share:/usr/local/share/:/usr/share/:/var/lib/snapd/desktop', 'PYTHONPATH': '/afs/ec.auckland.ac.nz/users/j/z/jzen379/unixhome/ros2_ws/build/py_pubsub/prefix_override:/usr/lib/python3/dist-packages/colcon_core/task/python/colcon_distutils_commands:/afs/ec.auckland.ac.nz/users/j/z/jzen379/unixhome/ros2_ws/install/py_pubsub/lib/python3.10/site-packages:/afs/ec.auckland.ac.nz/users/j/z/jzen379/unixhome/ros2_ws/install/turtlebot_sensor/lib/python3.10/site-packages:/afs/ec.auckland.ac.nz/users/j/z/jzen379/unixhome/ros2_ws/install/py_pubsub/lib/python3.10/site-packages:/opt/ros/humble/lib/python3.10/site-packages:/opt/ros/humble/local/lib/python3.10/dist-packages', 'COLCON': '1', 'MANPATH': ':/usr/lib/jvm/java-11-amazon-corretto/man:/opt/puppetlabs/puppet/share/man', 'VTE_VERSION': '6800'}, 'shell': False}
[0.563929] (turtlebot_sensor) Command: {'cmd': ['/usr/bin/python3', '-W', 'ignore:setup.py install is deprecated', '-W', 'ignore:easy_install command is deprecated', 'setup.py', 'egg_info', '--egg-base', '../../build/turtlebot_sensor', 'build', '--build-base', '/afs/ec.auckland.ac.nz/users/j/z/jzen379/unixhome/ros2_ws/build/turtlebot_sensor/build', 'install', '--record', '/afs/ec.auckland.ac.nz/users/j/z/jzen379/unixhome/ros2_ws/build/turtlebot_sensor/install.log', '--single-version-externally-managed', 'install_data'], 'cwd': '/afs/ec.auckland.ac.nz/users/j/z/jzen379/unixhome/ros2_ws/src/turtlebot_sensor', 'env': {'LANGUAGE': 'en_NZ:en', 'USER': 'jzen379', 'XDG_SESSION_TYPE': 'x11', 'GIT_ASKPASS': '/usr/share/code/resources/app/extensions/git/dist/askpass.sh', 'XDG_CACHE_HOME': '/tmp/.cache-jzen379/xdg', 'SHLVL': '2', 'LD_LIBRARY_PATH': '/opt/ros/humble/opt/rviz_ogre_vendor/lib:/opt/ros/humble/lib/x86_64-linux-gnu:/opt/ros/humble/lib:/usr/local/cuda/lib', 'PERL_LOCAL_LIB_ROOT': '/afs/ec.auckland.ac.nz/users/j/z/jzen379/unixhome/perl5', 'HOME': '/afs/ec.auckland.ac.nz/users/j/z/jzen379/unixhome', 'CHROME_DESKTOP': 'code.desktop', 'OLDPWD': '/afs/ec.auckland.ac.nz/users/j/z/jzen379/unixhome', 'TERM_PROGRAM_VERSION': '1.97.1', 'DESKTOP_SESSION': 'ubuntu', 'ROS_PYTHON_VERSION': '3', 'GNOME_SHELL_SESSION_MODE': 'ubuntu', 'GTK_MODULES': 'gail:atk-bridge:appmenu-gtk-module:appmenu-gtk-module', 'VSCODE_GIT_ASKPASS_MAIN': '/usr/share/code/resources/app/extensions/git/dist/askpass-main.js', 'VSCODE_GIT_ASKPASS_NODE': '/usr/share/code/code', 'PYDEVD_DISABLE_FILE_VALIDATION': '1', 'SYSTEMD_EXEC_PID': '4267', 'BUNDLED_DEBUGPY_PATH': '/afs/ec.auckland.ac.nz/users/j/z/jzen379/unixhome/.vscode/extensions/ms-python.debugpy-2025.8.0-linux-x64/bundled/libs/debugpy', 'DBUS_SESSION_BUS_ADDRESS': 'unix:path=/run/user/236169613/bus', 'COLORTERM': 'truecolor', 'UBUNTU_MENUPROXY': '1', 'IM_CONFIG_PHASE': '1', 'COLCON_PREFIX_PATH': '/afs/ec.auckland.ac.nz/users/j/z/jzen379/unixhome/ros2_ws/install', 'ROS_DISTRO': 'humble', 'GTK_IM_MODULE': 'ibus', 'LOGNAME': 'jzen379', 'IGN_GAZEBO_MODEL_PATH': '/opt/ros/humble/share', '_': '/usr/bin/colcon', 'ROS_VERSION': '2', 'XDG_SESSION_CLASS': 'user', 'USERNAME': 'jzen379', 'TERM': 'xterm-256color', 'PERL_MB_OPT': '--install_base "/afs/ec.auckland.ac.nz/users/j/z/jzen379/unixhome/perl5"', 'GAZEBO_MODEL_PATH': '/opt/ros/humble/share', 'GNOME_DESKTOP_SESSION_ID': 'this-is-deprecated', 'ROS_LOCALHOST_ONLY': '0', 'WINDOWPATH': '2', 'PATH': '/opt/ros/humble/bin:/afs/ec.auckland.ac.nz/users/j/z/jzen379/unixhome/perl5/bin:/afs/ec.auckland.ac.nz/users/j/z/jzen379/unixhome/.local/bin:/afs/ec.auckland.ac.nz/users/j/z/jzen379/unixhome/.local/share/gem/ruby/3.0.0/bin:/usr/lib/jvm/java-11-amazon-corretto/bin:/usr/local/sbin:/usr/local/bin:/usr/sbin:/usr/bin:/sbin:/bin:/usr/games:/usr/local/games:/snap/bin:/snap/bin:/usr/local/cuda/bin:/opt/puppetlabs/bin:/afs/ec.auckland.ac.nz/users/j/z/jzen379/unixhome/.vscode/extensions/ms-python.debugpy-2025.8.0-linux-x64/bundled/scripts/noConfigScripts', 'SESSION_MANAGER': 'local/en436783.uoa.auckland.ac.nz:@/tmp/.ICE-unix/4244,unix/en436783.uoa.auckland.ac.nz:/tmp/.ICE-unix/4244', 'FASTRTPS_DEFAULT_PROFILES_FILE': '/afs/ec.auckland.ac.nz/users/j/z/jzen379/unixhome/super_client_configuration_file.xml', 'XDG_MENU_PREFIX': 'gnome-', 'GNOME_TERMINAL_SCREEN': '/org/gnome/Terminal/screen/3f40e9d0_4699_4578_8745_f4a8b9dc6ae6', 'PERL5LIB': '/afs/ec.auckland.ac.nz/users/j/z/jzen379/unixhome/perl5/lib/perl5', 'XDG_RUNTIME_DIR': '/run/user/236169613', 'GDK_BACKEND': 'x11', 'DISPLAY': ':1', 'VSCODE_DEBUGPY_ADAPTER_ENDPOINTS': '/afs/ec.auckland.ac.nz/users/j/z/jzen379/unixhome/.vscode/extensions/ms-python.debugpy-2025.8.0-linux-x64/.noConfigDebugAdapterEndpoints/endpoint-0d6ba41ee6198c50.txt', 'LANG': 'en_NZ.UTF-8', 'XDG_CURRENT_DESKTOP': 'Unity', 'XMODIFIERS': '@im=ibus', 'XDG_SESSION_DESKTOP': 'ubuntu', 'XAUTHORITY': '/run/user/236169613/gdm/Xauthority', 'VSCODE_GIT_IPC_HANDLE': '/run/user/236169613/vscode-git-3b9bb59097.sock', 'GNOME_TERMINAL_SERVICE': ':1.119', 'TERM_PROGRAM': 'vscode', 'SSH_AGENT_LAUNCHER': 'gnome-keyring', 'SSH_AUTH_SOCK': '/run/user/236169613/keyring/ssh', 'ROS_DOMAIN_ID': '6', 'AMENT_PREFIX_PATH': '/afs/ec.auckland.ac.nz/users/j/z/jzen379/unixhome/ros2_ws/install/turtlebot_sensor:/afs/ec.auckland.ac.nz/users/j/z/jzen379/unixhome/ros2_ws/install/py_pubsub:/opt/ros/humble', 'ORIGINAL_XDG_CURRENT_DESKTOP': 'ubuntu:GNOME', 'SHELL': '/bin/bash', 'KRB5CCNAME': 'FILE:/tmp/krb5cc_236169613_zIPvk5', 'ROS_DISCOVERY_SERVER': '172.24.192.15:11811', 'QT_ACCESSIBILITY': '1', 'GDMSESSION': 'ubuntu', 'PERL_MM_OPT': 'INSTALL_BASE=/afs/ec.auckland.ac.nz/users/j/z/jzen379/unixhome/perl5', 'IGN_GAZEBO_RESOURCE_PATH': '/opt/ros/humble/share', 'GPG_AGENT_INFO': '/run/user/236169613/gnupg/S.gpg-agent:0:1', 'GAZEBO_RESOURCE_PATH': '/opt/ros/humble/share', 'VSCODE_GIT_ASKPASS_EXTRA_ARGS': '', 'QT_IM_MODULE': 'ibus', 'JAVA_HOME': '/usr/lib/jvm/java-11-amazon-corretto', 'PWD': '/afs/ec.auckland.ac.nz/users/j/z/jzen379/unixhome/ros2_ws/build/turtlebot_sensor', 'XDG_CONFIG_DIRS': '/etc/xdg/xdg-ubuntu:/etc/xdg', 'XDG_DATA_DIRS': '/usr/share/ubuntu:/usr/share/gnome:/afs/ec.auckland.ac.nz/users/j/z/jzen379/unixhome/.local/share/flatpak/exports/share:/var/lib/flatpak/exports/share:/usr/local/share/:/usr/share/:/var/lib/snapd/desktop', 'PYTHONPATH': '/afs/ec.auckland.ac.nz/users/j/z/jzen379/unixhome/ros2_ws/build/turtlebot_sensor/prefix_override:/usr/lib/python3/dist-packages/colcon_core/task/python/colcon_distutils_commands:/afs/ec.auckland.ac.nz/users/j/z/jzen379/unixhome/ros2_ws/install/turtlebot_sensor/lib/python3.10/site-packages:/afs/ec.auckland.ac.nz/users/j/z/jzen379/unixhome/ros2_ws/install/turtlebot_sensor/lib/python3.10/site-packages:/afs/ec.auckland.ac.nz/users/j/z/jzen379/unixhome/ros2_ws/install/py_pubsub/lib/python3.10/site-packages:/opt/ros/humble/lib/python3.10/site-packages:/opt/ros/humble/local/lib/python3.10/dist-packages', 'COLCON': '1', 'MANPATH': ':/usr/lib/jvm/java-11-amazon-corretto/man:/opt/puppetlabs/puppet/share/man', 'VTE_VERSION': '6800'}, 'shell': False}
[0.598757] (-) TimerEvent: {}
[0.670056] (py_pubsub) StdoutLine: {'line': b'running egg_info\n'}
[0.672157] (py_pubsub) StdoutLine: {'line': b'writing ../../build/py_pubsub/py_pubsub.egg-info/PKG-INFO\n'}
[0.675388] (py_pubsub) StdoutLine: {'line': b'writing dependency_links to ../../build/py_pubsub/py_pubsub.egg-info/dependency_links.txt\n'}
[0.675568] (turtlebot_sensor) StdoutLine: {'line': b'running egg_info\n'}
[0.677274] (turtlebot_sensor) StdoutLine: {'line': b'writing ../../build/turtlebot_sensor/turtlebot_sensor.egg-info/PKG-INFO\n'}
[0.678437] (py_pubsub) StdoutLine: {'line': b'writing entry points to ../../build/py_pubsub/py_pubsub.egg-info/entry_points.txt\n'}
[0.680261] (turtlebot_sensor) StdoutLine: {'line': b'writing dependency_links to ../../build/turtlebot_sensor/turtlebot_sensor.egg-info/dependency_links.txt\n'}
[0.681611] (py_pubsub) StdoutLine: {'line': b'writing requirements to ../../build/py_pubsub/py_pubsub.egg-info/requires.txt\n'}
[0.683077] (turtlebot_sensor) StdoutLine: {'line': b'writing entry points to ../../build/turtlebot_sensor/turtlebot_sensor.egg-info/entry_points.txt\n'}
[0.684419] (py_pubsub) StdoutLine: {'line': b'writing top-level names to ../../build/py_pubsub/py_pubsub.egg-info/top_level.txt\n'}
[0.685778] (turtlebot_sensor) StdoutLine: {'line': b'writing requirements to ../../build/turtlebot_sensor/turtlebot_sensor.egg-info/requires.txt\n'}
[0.688089] (py_pubsub) StdoutLine: {'line': b"reading manifest file '../../build/py_pubsub/py_pubsub.egg-info/SOURCES.txt'\n"}
[0.688160] (py_pubsub) StdoutLine: {'line': b"adding license file 'LICENSE'\n"}
[0.688306] (turtlebot_sensor) StdoutLine: {'line': b'writing top-level names to ../../build/turtlebot_sensor/turtlebot_sensor.egg-info/top_level.txt\n'}
[0.688483] (py_pubsub) StdoutLine: {'line': b"writing manifest file '../../build/py_pubsub/py_pubsub.egg-info/SOURCES.txt'\n"}
[0.691303] (py_pubsub) StdoutLine: {'line': b'running build\n'}
[0.691378] (py_pubsub) StdoutLine: {'line': b'running build_py\n'}
[0.691498] (py_pubsub) StdoutLine: {'line': b'running install\n'}
[0.691688] (turtlebot_sensor) StdoutLine: {'line': b"reading manifest file '../../build/turtlebot_sensor/turtlebot_sensor.egg-info/SOURCES.txt'\n"}
[0.691856] (py_pubsub) StdoutLine: {'line': b'running install_lib\n'}
[0.691906] (turtlebot_sensor) StdoutLine: {'line': b"adding license file 'LICENSE'\n"}
[0.692133] (turtlebot_sensor) StdoutLine: {'line': b"writing manifest file '../../build/turtlebot_sensor/turtlebot_sensor.egg-info/SOURCES.txt'\n"}
[0.692245] (py_pubsub) StdoutLine: {'line': b'running install_data\n'}
[0.692331] (py_pubsub) StdoutLine: {'line': b'running install_egg_info\n'}
[0.693224] (py_pubsub) StdoutLine: {'line': b"removing '/afs/ec.auckland.ac.nz/users/j/z/jzen379/unixhome/ros2_ws/install/py_pubsub/lib/python3.10/site-packages/py_pubsub-0.0.0-py3.10.egg-info' (and everything under it)\n"}
[0.694936] (turtlebot_sensor) StdoutLine: {'line': b'running build\n'}
[0.694979] (turtlebot_sensor) StdoutLine: {'line': b'running build_py\n'}
[0.695107] (turtlebot_sensor) StdoutLine: {'line': b'copying turtlebot_sensor/hsv_tuner.py -> /afs/ec.auckland.ac.nz/users/j/z/jzen379/unixhome/ros2_ws/build/turtlebot_sensor/build/lib/turtlebot_sensor\n'}
[0.698810] (-) TimerEvent: {}
[0.704564] (turtlebot_sensor) StdoutLine: {'line': b'running install\n'}
[0.704856] (turtlebot_sensor) StdoutLine: {'line': b'running install_lib\n'}
[0.705824] (turtlebot_sensor) StdoutLine: {'line': b'copying /afs/ec.auckland.ac.nz/users/j/z/jzen379/unixhome/ros2_ws/build/turtlebot_sensor/build/lib/turtlebot_sensor/hsv_tuner.py -> /afs/ec.auckland.ac.nz/users/j/z/jzen379/unixhome/ros2_ws/install/turtlebot_sensor/lib/python3.10/site-packages/turtlebot_sensor\n'}
[0.708563] (py_pubsub) StdoutLine: {'line': b'Copying ../../build/py_pubsub/py_pubsub.egg-info to /afs/ec.auckland.ac.nz/users/j/z/jzen379/unixhome/ros2_ws/install/py_pubsub/lib/python3.10/site-packages/py_pubsub-0.0.0-py3.10.egg-info\n'}
[0.717698] (turtlebot_sensor) StdoutLine: {'line': b'byte-compiling /afs/ec.auckland.ac.nz/users/j/z/jzen379/unixhome/ros2_ws/install/turtlebot_sensor/lib/python3.10/site-packages/turtlebot_sensor/hsv_tuner.py to hsv_tuner.cpython-310.pyc\n'}
[0.727955] (turtlebot_sensor) StdoutLine: {'line': b'running install_data\n'}
[0.728730] (turtlebot_sensor) StdoutLine: {'line': b'running install_egg_info\n'}
[0.732018] (turtlebot_sensor) StdoutLine: {'line': b"removing '/afs/ec.auckland.ac.nz/users/j/z/jzen379/unixhome/ros2_ws/install/turtlebot_sensor/lib/python3.10/site-packages/turtlebot_sensor-0.0.0-py3.10.egg-info' (and everything under it)\n"}
[0.746398] (turtlebot_sensor) StdoutLine: {'line': b'Copying ../../build/turtlebot_sensor/turtlebot_sensor.egg-info to /afs/ec.auckland.ac.nz/users/j/z/jzen379/unixhome/ros2_ws/install/turtlebot_sensor/lib/python3.10/site-packages/turtlebot_sensor-0.0.0-py3.10.egg-info\n'}
[0.761259] (py_pubsub) StdoutLine: {'line': b'running install_scripts\n'}
[0.783606] (py_pubsub) StdoutLine: {'line': b'Installing listener script to /afs/ec.auckland.ac.nz/users/j/z/jzen379/unixhome/ros2_ws/install/py_pubsub/lib/py_pubsub\n'}
[0.787803] (py_pubsub) StdoutLine: {'line': b'Installing talker script to /afs/ec.auckland.ac.nz/users/j/z/jzen379/unixhome/ros2_ws/install/py_pubsub/lib/py_pubsub\n'}
[0.792088] (py_pubsub) StdoutLine: {'line': b"writing list of installed files to '/afs/ec.auckland.ac.nz/users/j/z/jzen379/unixhome/ros2_ws/build/py_pubsub/install.log'\n"}
[0.796956] (turtlebot_sensor) StdoutLine: {'line': b'running install_scripts\n'}
[0.798904] (-) TimerEvent: {}
[0.817350] (py_pubsub) CommandEnded: {'returncode': 0}
[0.817662] (turtlebot_sensor) StdoutLine: {'line': b'Installing explorer script to /afs/ec.auckland.ac.nz/users/j/z/jzen379/unixhome/ros2_ws/install/turtlebot_sensor/lib/turtlebot_sensor\n'}
[0.822134] (turtlebot_sensor) StdoutLine: {'line': b'Installing plan_node script to /afs/ec.auckland.ac.nz/users/j/z/jzen379/unixhome/ros2_ws/install/turtlebot_sensor/lib/turtlebot_sensor\n'}
[0.826172] (turtlebot_sensor) StdoutLine: {'line': b'Installing sync_node script to /afs/ec.auckland.ac.nz/users/j/z/jzen379/unixhome/ros2_ws/install/turtlebot_sensor/lib/turtlebot_sensor\n'}
[0.830134] (turtlebot_sensor) StdoutLine: {'line': b'Installing value_test script to /afs/ec.auckland.ac.nz/users/j/z/jzen379/unixhome/ros2_ws/install/turtlebot_sensor/lib/turtlebot_sensor\n'}
[0.834496] (turtlebot_sensor) StdoutLine: {'line': b"writing list of installed files to '/afs/ec.auckland.ac.nz/users/j/z/jzen379/unixhome/ros2_ws/build/turtlebot_sensor/install.log'\n"}
[0.853056] (py_pubsub) JobEnded: {'identifier': 'py_pubsub', 'rc': 0}
[0.866806] (turtlebot_sensor) CommandEnded: {'returncode': 0}
[0.888211] (turtlebot_sensor) JobEnded: {'identifier': 'turtlebot_sensor', 'rc': 0}
[0.902937] (-) TimerEvent: {}
[0.903114] (-) EventReactorShutdown: {}
