[0.514s] Invoking command in '/afs/ec.auckland.ac.nz/users/j/z/jzen379/unixhome/ros2_ws/src/turtlebot_sensor': PYTHONPATH=/afs/ec.auckland.ac.nz/users/j/z/jzen379/unixhome/ros2_ws/build/turtlebot_sensor/prefix_override:/usr/lib/python3/dist-packages/colcon_core/task/python/colcon_distutils_commands:/afs/ec.auckland.ac.nz/users/j/z/jzen379/unixhome/ros2_ws/install/turtlebot_sensor/lib/python3.10/site-packages:${PYTHONPATH} /usr/bin/python3 -W ignore:setup.py install is deprecated -W ignore:easy_install command is deprecated setup.py egg_info --egg-base ../../build/turtlebot_sensor build --build-base /afs/ec.auckland.ac.nz/users/j/z/jzen379/unixhome/ros2_ws/build/turtlebot_sensor/build install --record /afs/ec.auckland.ac.nz/users/j/z/jzen379/unixhome/ros2_ws/build/turtlebot_sensor/install.log --single-version-externally-managed install_data
[0.617s] running egg_info
[0.618s] writing ../../build/turtlebot_sensor/turtlebot_sensor.egg-info/PKG-INFO
[0.620s] writing dependency_links to ../../build/turtlebot_sensor/turtlebot_sensor.egg-info/dependency_links.txt
[0.622s] writing entry points to ../../build/turtlebot_sensor/turtlebot_sensor.egg-info/entry_points.txt
[0.625s] writing requirements to ../../build/turtlebot_sensor/turtlebot_sensor.egg-info/requires.txt
[0.627s] writing top-level names to ../../build/turtlebot_sensor/turtlebot_sensor.egg-info/top_level.txt
[0.629s] reading manifest file '../../build/turtlebot_sensor/turtlebot_sensor.egg-info/SOURCES.txt'
[0.629s] adding license file 'LICENSE'
[0.630s] writing manifest file '../../build/turtlebot_sensor/turtlebot_sensor.egg-info/SOURCES.txt'
[0.631s] running build
[0.632s] running build_py
[0.632s] running install
[0.632s] running install_lib
[0.633s] running install_data
[0.633s] running install_egg_info
[0.634s] removing '/afs/ec.auckland.ac.nz/users/j/z/jzen379/unixhome/ros2_ws/install/turtlebot_sensor/lib/python3.10/site-packages/turtlebot_sensor-0.0.0-py3.10.egg-info' (and everything under it)
[0.646s] Copying ../../build/turtlebot_sensor/turtlebot_sensor.egg-info to /afs/ec.auckland.ac.nz/users/j/z/jzen379/unixhome/ros2_ws/install/turtlebot_sensor/lib/python3.10/site-packages/turtlebot_sensor-0.0.0-py3.10.egg-info
[0.680s] running install_scripts
[0.697s] Installing cube_detection_node script to /afs/ec.auckland.ac.nz/users/j/z/jzen379/unixhome/ros2_ws/install/turtlebot_sensor/lib/turtlebot_sensor
[0.700s] Installing explorer script to /afs/ec.auckland.ac.nz/users/j/z/jzen379/unixhome/ros2_ws/install/turtlebot_sensor/lib/turtlebot_sensor
[0.703s] Installing mission_node script to /afs/ec.auckland.ac.nz/users/j/z/jzen379/unixhome/ros2_ws/install/turtlebot_sensor/lib/turtlebot_sensor
[0.706s] Installing plan_node script to /afs/ec.auckland.ac.nz/users/j/z/jzen379/unixhome/ros2_ws/install/turtlebot_sensor/lib/turtlebot_sensor
[0.708s] Installing value_test script to /afs/ec.auckland.ac.nz/users/j/z/jzen379/unixhome/ros2_ws/install/turtlebot_sensor/lib/turtlebot_sensor
[0.711s] writing list of installed files to '/afs/ec.auckland.ac.nz/users/j/z/jzen379/unixhome/ros2_ws/build/turtlebot_sensor/install.log'
[0.753s] Invoked command in '/afs/ec.auckland.ac.nz/users/j/z/jzen379/unixhome/ros2_ws/src/turtlebot_sensor' returned '0': PYTHONPATH=/afs/ec.auckland.ac.nz/users/j/z/jzen379/unixhome/ros2_ws/build/turtlebot_sensor/prefix_override:/usr/lib/python3/dist-packages/colcon_core/task/python/colcon_distutils_commands:/afs/ec.auckland.ac.nz/users/j/z/jzen379/unixhome/ros2_ws/install/turtlebot_sensor/lib/python3.10/site-packages:${PYTHONPATH} /usr/bin/python3 -W ignore:setup.py install is deprecated -W ignore:easy_install command is deprecated setup.py egg_info --egg-base ../../build/turtlebot_sensor build --build-base /afs/ec.auckland.ac.nz/users/j/z/jzen379/unixhome/ros2_ws/build/turtlebot_sensor/build install --record /afs/ec.auckland.ac.nz/users/j/z/jzen379/unixhome/ros2_ws/build/turtlebot_sensor/install.log --single-version-externally-managed install_data
