[0.525s] Invoking command in '/afs/ec.auckland.ac.nz/users/j/z/jzen379/unixhome/ros2_ws/src/turtlebot_sensor': PYTHONPATH=/afs/ec.auckland.ac.nz/users/j/z/jzen379/unixhome/ros2_ws/src/build/turtlebot_sensor/prefix_override:/usr/lib/python3/dist-packages/colcon_core/task/python/colcon_distutils_commands:/afs/ec.auckland.ac.nz/users/j/z/jzen379/unixhome/ros2_ws/src/install/turtlebot_sensor/lib/python3.10/site-packages:${PYTHONPATH} /usr/bin/python3 -W ignore:setup.py install is deprecated -W ignore:easy_install command is deprecated setup.py egg_info --egg-base ../build/turtlebot_sensor build --build-base /afs/ec.auckland.ac.nz/users/j/z/jzen379/unixhome/ros2_ws/src/build/turtlebot_sensor/build install --record /afs/ec.auckland.ac.nz/users/j/z/jzen379/unixhome/ros2_ws/src/build/turtlebot_sensor/install.log --single-version-externally-managed install_data
[0.634s] running egg_info
[0.636s] writing ../build/turtlebot_sensor/turtlebot_sensor.egg-info/PKG-INFO
[0.639s] writing dependency_links to ../build/turtlebot_sensor/turtlebot_sensor.egg-info/dependency_links.txt
[0.642s] writing entry points to ../build/turtlebot_sensor/turtlebot_sensor.egg-info/entry_points.txt
[0.644s] writing requirements to ../build/turtlebot_sensor/turtlebot_sensor.egg-info/requires.txt
[0.647s] writing top-level names to ../build/turtlebot_sensor/turtlebot_sensor.egg-info/top_level.txt
[0.651s] reading manifest file '../build/turtlebot_sensor/turtlebot_sensor.egg-info/SOURCES.txt'
[0.651s] adding license file 'LICENSE'
[0.651s] writing manifest file '../build/turtlebot_sensor/turtlebot_sensor.egg-info/SOURCES.txt'
[0.654s] running build
[0.654s] running build_py
[0.654s] running install
[0.654s] running install_lib
[0.655s] running install_data
[0.655s] running install_egg_info
[0.656s] removing '/afs/ec.auckland.ac.nz/users/j/z/jzen379/unixhome/ros2_ws/src/install/turtlebot_sensor/lib/python3.10/site-packages/turtlebot_sensor-0.0.0-py3.10.egg-info' (and everything under it)
[0.670s] Copying ../build/turtlebot_sensor/turtlebot_sensor.egg-info to /afs/ec.auckland.ac.nz/users/j/z/jzen379/unixhome/ros2_ws/src/install/turtlebot_sensor/lib/python3.10/site-packages/turtlebot_sensor-0.0.0-py3.10.egg-info
[0.714s] running install_scripts
[0.731s] Installing explorer script to /afs/ec.auckland.ac.nz/users/j/z/jzen379/unixhome/ros2_ws/src/install/turtlebot_sensor/lib/turtlebot_sensor
[0.736s] Installing sync_node script to /afs/ec.auckland.ac.nz/users/j/z/jzen379/unixhome/ros2_ws/src/install/turtlebot_sensor/lib/turtlebot_sensor
[0.740s] writing list of installed files to '/afs/ec.auckland.ac.nz/users/j/z/jzen379/unixhome/ros2_ws/src/build/turtlebot_sensor/install.log'
[0.789s] Invoked command in '/afs/ec.auckland.ac.nz/users/j/z/jzen379/unixhome/ros2_ws/src/turtlebot_sensor' returned '0': PYTHONPATH=/afs/ec.auckland.ac.nz/users/j/z/jzen379/unixhome/ros2_ws/src/build/turtlebot_sensor/prefix_override:/usr/lib/python3/dist-packages/colcon_core/task/python/colcon_distutils_commands:/afs/ec.auckland.ac.nz/users/j/z/jzen379/unixhome/ros2_ws/src/install/turtlebot_sensor/lib/python3.10/site-packages:${PYTHONPATH} /usr/bin/python3 -W ignore:setup.py install is deprecated -W ignore:easy_install command is deprecated setup.py egg_info --egg-base ../build/turtlebot_sensor build --build-base /afs/ec.auckland.ac.nz/users/j/z/jzen379/unixhome/ros2_ws/src/build/turtlebot_sensor/build install --record /afs/ec.auckland.ac.nz/users/j/z/jzen379/unixhome/ros2_ws/src/build/turtlebot_sensor/install.log --single-version-externally-managed install_data
