[0.791s] Invoking command in '/afs/ec.auckland.ac.nz/users/j/z/jzen379/unixhome/ros2_ws/src/py_pubsub': PYTHONPATH=/afs/ec.auckland.ac.nz/users/j/z/jzen379/unixhome/ros2_ws/src/build/py_pubsub/prefix_override:/usr/lib/python3/dist-packages/colcon_core/task/python/colcon_distutils_commands:/afs/ec.auckland.ac.nz/users/j/z/jzen379/unixhome/ros2_ws/src/install/py_pubsub/lib/python3.10/site-packages:${PYTHONPATH} /usr/bin/python3 -W ignore:setup.py install is deprecated -W ignore:easy_install command is deprecated setup.py egg_info --egg-base ../build/py_pubsub build --build-base /afs/ec.auckland.ac.nz/users/j/z/jzen379/unixhome/ros2_ws/src/build/py_pubsub/build install --record /afs/ec.auckland.ac.nz/users/j/z/jzen379/unixhome/ros2_ws/src/build/py_pubsub/install.log --single-version-externally-managed install_data
[0.888s] running egg_info
[0.888s] creating ../build/py_pubsub/py_pubsub.egg-info
[0.894s] writing ../build/py_pubsub/py_pubsub.egg-info/PKG-INFO
[0.902s] writing dependency_links to ../build/py_pubsub/py_pubsub.egg-info/dependency_links.txt
[0.905s] writing entry points to ../build/py_pubsub/py_pubsub.egg-info/entry_points.txt
[0.920s] writing requirements to ../build/py_pubsub/py_pubsub.egg-info/requires.txt
[0.925s] writing top-level names to ../build/py_pubsub/py_pubsub.egg-info/top_level.txt
[0.927s] writing manifest file '../build/py_pubsub/py_pubsub.egg-info/SOURCES.txt'
[0.931s] reading manifest file '../build/py_pubsub/py_pubsub.egg-info/SOURCES.txt'
[0.931s] adding license file 'LICENSE'
[0.932s] writing manifest file '../build/py_pubsub/py_pubsub.egg-info/SOURCES.txt'
[0.934s] running build
[0.934s] running build_py
[0.934s] creating /afs/ec.auckland.ac.nz/users/j/z/jzen379/unixhome/ros2_ws/src/build/py_pubsub/build
[0.937s] creating /afs/ec.auckland.ac.nz/users/j/z/jzen379/unixhome/ros2_ws/src/build/py_pubsub/build/lib
[0.942s] creating /afs/ec.auckland.ac.nz/users/j/z/jzen379/unixhome/ros2_ws/src/build/py_pubsub/build/lib/py_pubsub
[0.949s] copying py_pubsub/__init__.py -> /afs/ec.auckland.ac.nz/users/j/z/jzen379/unixhome/ros2_ws/src/build/py_pubsub/build/lib/py_pubsub
[0.952s] copying py_pubsub/subscriber_member_function.py -> /afs/ec.auckland.ac.nz/users/j/z/jzen379/unixhome/ros2_ws/src/build/py_pubsub/build/lib/py_pubsub
[0.957s] copying py_pubsub/publisher_member_function.py -> /afs/ec.auckland.ac.nz/users/j/z/jzen379/unixhome/ros2_ws/src/build/py_pubsub/build/lib/py_pubsub
[0.962s] running install
[0.962s] running install_lib
[0.964s] creating /afs/ec.auckland.ac.nz/users/j/z/jzen379/unixhome/ros2_ws/src/install/py_pubsub/lib/python3.10/site-packages/py_pubsub
[0.970s] copying /afs/ec.auckland.ac.nz/users/j/z/jzen379/unixhome/ros2_ws/src/build/py_pubsub/build/lib/py_pubsub/__init__.py -> /afs/ec.auckland.ac.nz/users/j/z/jzen379/unixhome/ros2_ws/src/install/py_pubsub/lib/python3.10/site-packages/py_pubsub
[0.974s] copying /afs/ec.auckland.ac.nz/users/j/z/jzen379/unixhome/ros2_ws/src/build/py_pubsub/build/lib/py_pubsub/subscriber_member_function.py -> /afs/ec.auckland.ac.nz/users/j/z/jzen379/unixhome/ros2_ws/src/install/py_pubsub/lib/python3.10/site-packages/py_pubsub
[0.980s] copying /afs/ec.auckland.ac.nz/users/j/z/jzen379/unixhome/ros2_ws/src/build/py_pubsub/build/lib/py_pubsub/publisher_member_function.py -> /afs/ec.auckland.ac.nz/users/j/z/jzen379/unixhome/ros2_ws/src/install/py_pubsub/lib/python3.10/site-packages/py_pubsub
[0.987s] byte-compiling /afs/ec.auckland.ac.nz/users/j/z/jzen379/unixhome/ros2_ws/src/install/py_pubsub/lib/python3.10/site-packages/py_pubsub/__init__.py to __init__.cpython-310.pyc
[0.997s] byte-compiling /afs/ec.auckland.ac.nz/users/j/z/jzen379/unixhome/ros2_ws/src/install/py_pubsub/lib/python3.10/site-packages/py_pubsub/subscriber_member_function.py to subscriber_member_function.cpython-310.pyc
[1.002s] byte-compiling /afs/ec.auckland.ac.nz/users/j/z/jzen379/unixhome/ros2_ws/src/install/py_pubsub/lib/python3.10/site-packages/py_pubsub/publisher_member_function.py to publisher_member_function.cpython-310.pyc
[1.007s] running install_data
[1.007s] creating /afs/ec.auckland.ac.nz/users/j/z/jzen379/unixhome/ros2_ws/src/install/py_pubsub/share/ament_index
[1.009s] creating /afs/ec.auckland.ac.nz/users/j/z/jzen379/unixhome/ros2_ws/src/install/py_pubsub/share/ament_index/resource_index
[1.014s] creating /afs/ec.auckland.ac.nz/users/j/z/jzen379/unixhome/ros2_ws/src/install/py_pubsub/share/ament_index/resource_index/packages
[1.023s] copying resource/py_pubsub -> /afs/ec.auckland.ac.nz/users/j/z/jzen379/unixhome/ros2_ws/src/install/py_pubsub/share/ament_index/resource_index/packages
[1.026s] copying package.xml -> /afs/ec.auckland.ac.nz/users/j/z/jzen379/unixhome/ros2_ws/src/install/py_pubsub/share/py_pubsub
[1.031s] running install_egg_info
[1.032s] Copying ../build/py_pubsub/py_pubsub.egg-info to /afs/ec.auckland.ac.nz/users/j/z/jzen379/unixhome/ros2_ws/src/install/py_pubsub/lib/python3.10/site-packages/py_pubsub-0.0.0-py3.10.egg-info
[1.070s] running install_scripts
[1.081s] Installing listener script to /afs/ec.auckland.ac.nz/users/j/z/jzen379/unixhome/ros2_ws/src/install/py_pubsub/lib/py_pubsub
[1.091s] Installing talker script to /afs/ec.auckland.ac.nz/users/j/z/jzen379/unixhome/ros2_ws/src/install/py_pubsub/lib/py_pubsub
[1.096s] writing list of installed files to '/afs/ec.auckland.ac.nz/users/j/z/jzen379/unixhome/ros2_ws/src/build/py_pubsub/install.log'
[1.194s] Invoked command in '/afs/ec.auckland.ac.nz/users/j/z/jzen379/unixhome/ros2_ws/src/py_pubsub' returned '0': PYTHONPATH=/afs/ec.auckland.ac.nz/users/j/z/jzen379/unixhome/ros2_ws/src/build/py_pubsub/prefix_override:/usr/lib/python3/dist-packages/colcon_core/task/python/colcon_distutils_commands:/afs/ec.auckland.ac.nz/users/j/z/jzen379/unixhome/ros2_ws/src/install/py_pubsub/lib/python3.10/site-packages:${PYTHONPATH} /usr/bin/python3 -W ignore:setup.py install is deprecated -W ignore:easy_install command is deprecated setup.py egg_info --egg-base ../build/py_pubsub build --build-base /afs/ec.auckland.ac.nz/users/j/z/jzen379/unixhome/ros2_ws/src/build/py_pubsub/build install --record /afs/ec.auckland.ac.nz/users/j/z/jzen379/unixhome/ros2_ws/src/build/py_pubsub/install.log --single-version-externally-managed install_data
