[0.000000] (-) TimerEvent: {}
[0.000119] (py_pubsub) JobQueued: {'identifier': 'py_pubsub', 'dependencies': OrderedDict()}
[0.000150] (turtlebot_sensor) JobQueued: {'identifier': 'turtlebot_sensor', 'dependencies': OrderedDict()}
[0.000178] (py_pubsub) JobStarted: {'identifier': 'py_pubsub'}
[0.007897] (turtlebot_sensor) JobStarted: {'identifier': 'turtlebot_sensor'}
[0.098518] (-) TimerEvent: {}
[0.198860] (-) TimerEvent: {}
[0.299188] (-) TimerEvent: {}
[0.399451] (-) TimerEvent: {}
[0.498365] (py_pubsub) Command: {'cmd': ['/usr/bin/python3', '-W', 'ignore:setup.py install is deprecated', '-W', 'ignore:easy_install command is deprecated', 'setup.py', 'egg_info', '--egg-base', '../../build/py_pubsub', 'build', '--build-base', '/afs/ec.auckland.ac.nz/users/j/z/jzen379/unixhome/ros2_ws/build/py_pubsub/build', 'install', '--record', '/afs/ec.auckland.ac.nz/users/j/z/jzen379/unixhome/ros2_ws/build/py_pubsub/install.log', '--single-version-externally-managed', 'install_data'], 'cwd': '/afs/ec.auckland.ac.nz/users/j/z/jzen379/unixhome/ros2_ws/src/py_pubsub', 'env': {'LANGUAGE': 'en_NZ:en', 'USER': 'jzen379', 'XDG_SESSION_TYPE': 'x11', 'GIT_ASKPASS': '/usr/share/code/resources/app/extensions/git/dist/askpass.sh', 'XDG_CACHE_HOME': '/tmp/.cache-jzen379/xdg', 'SHLVL': '2', 'LD_LIBRARY_PATH': '/opt/ros/humble/opt/rviz_ogre_vendor/lib:/opt/ros/humble/lib/x86_64-linux-gnu:/opt/ros/humble/lib:/usr/local/cuda/lib', 'PERL_LOCAL_LIB_ROOT': '/afs/ec.auckland.ac.nz/users/j/z/jzen379/unixhome/perl5', 'HOME': '/afs/ec.auckland.ac.nz/users/j/z/jzen379/unixhome', 'CHROME_DESKTOP': 'code.desktop', 'OLDPWD': '/afs/ec.auckland.ac.nz/users/j/z/jzen379/unixhome', 'TERM_PROGRAM_VERSION': '1.97.1', 'DESKTOP_SESSION': 'ubuntu', 'ROS_PYTHON_VERSION': '3', 'GNOME_SHELL_SESSION_MODE': 'ubuntu', 'GTK_MODULES': 'gail:atk-bridge:appmenu-gtk-module:appmenu-gtk-module', 'VSCODE_GIT_ASKPASS_MAIN': '/usr/share/code/resources/app/extensions/git/dist/askpass-main.js', 'VSCODE_GIT_ASKPASS_NODE': '/usr/share/code/code', 'PYDEVD_DISABLE_FILE_VALIDATION': '1', 'SYSTEMD_EXEC_PID': '4516', 'BUNDLED_DEBUGPY_PATH': '/afs/ec.auckland.ac.nz/users/j/z/jzen379/unixhome/.vscode/extensions/ms-python.debugpy-2025.8.0-linux-x64/bundled/libs/debugpy', 'DBUS_SESSION_BUS_ADDRESS': 'unix:path=/run/user/236169613/bus', 'COLORTERM': 'truecolor', 'UBUNTU_MENUPROXY': '1', 'IM_CONFIG_PHASE': '1', 'COLCON_PREFIX_PATH': '/afs/ec.auckland.ac.nz/users/j/z/jzen379/unixhome/ros2_ws/install', 'ROS_DISTRO': 'humble', 'GTK_IM_MODULE': 'ibus', 'LOGNAME': 'jzen379', 'IGN_GAZEBO_MODEL_PATH': '/opt/ros/humble/share', '_': '/usr/bin/colcon', 'ROS_VERSION': '2', 'XDG_SESSION_CLASS': 'user', 'USERNAME': 'jzen379', 'TERM': 'xterm-256color', 'PERL_MB_OPT': '--install_base "/afs/ec.auckland.ac.nz/users/j/z/jzen379/unixhome/perl5"', 'GAZEBO_MODEL_PATH': '/opt/ros/humble/share', 'GNOME_DESKTOP_SESSION_ID': 'this-is-deprecated', 'ROS_LOCALHOST_ONLY': '0', 'WINDOWPATH': '2', 'PATH': '/opt/ros/humble/bin:/afs/ec.auckland.ac.nz/users/j/z/jzen379/unixhome/perl5/bin:/afs/ec.auckland.ac.nz/users/j/z/jzen379/unixhome/.local/bin:/afs/ec.auckland.ac.nz/users/j/z/jzen379/unixhome/.local/share/gem/ruby/3.0.0/bin:/usr/lib/jvm/java-11-amazon-corretto/bin:/usr/local/sbin:/usr/local/bin:/usr/sbin:/usr/bin:/sbin:/bin:/usr/games:/usr/local/games:/snap/bin:/snap/bin:/usr/local/cuda/bin:/opt/puppetlabs/bin:/afs/ec.auckland.ac.nz/users/j/z/jzen379/unixhome/.vscode/extensions/ms-python.debugpy-2025.8.0-linux-x64/bundled/scripts/noConfigScripts', 'SESSION_MANAGER': 'local/en441356.uoa.auckland.ac.nz:@/tmp/.ICE-unix/4493,unix/en441356.uoa.auckland.ac.nz:/tmp/.ICE-unix/4493', 'FASTRTPS_DEFAULT_PROFILES_FILE': '/afs/ec.auckland.ac.nz/users/j/z/jzen379/unixhome/super_client_configuration_file.xml', 'XDG_MENU_PREFIX': 'gnome-', 'GNOME_TERMINAL_SCREEN': '/org/gnome/Terminal/screen/e4167807_24e0_45d1_bedd_1aa47e82f863', 'PERL5LIB': '/afs/ec.auckland.ac.nz/users/j/z/jzen379/unixhome/perl5/lib/perl5', 'XDG_RUNTIME_DIR': '/run/user/236169613', 'GDK_BACKEND': 'x11', 'DISPLAY': ':1', 'VSCODE_DEBUGPY_ADAPTER_ENDPOINTS': '/afs/ec.auckland.ac.nz/users/j/z/jzen379/unixhome/.vscode/extensions/ms-python.debugpy-2025.8.0-linux-x64/.noConfigDebugAdapterEndpoints/endpoint-0d6ba41ee6198c50.txt', 'LANG': 'en_NZ.UTF-8', 'XDG_CURRENT_DESKTOP': 'Unity', 'XMODIFIERS': '@im=ibus', 'XDG_SESSION_DESKTOP': 'ubuntu', 'XAUTHORITY': '/run/user/236169613/gdm/Xauthority', 'VSCODE_GIT_IPC_HANDLE': '/run/user/236169613/vscode-git-3b9bb59097.sock', 'GNOME_TERMINAL_SERVICE': ':1.112', 'TERM_PROGRAM': 'vscode', 'SSH_AGENT_LAUNCHER': 'gnome-keyring', 'SSH_AUTH_SOCK': '/run/user/236169613/keyring/ssh', 'ROS_DOMAIN_ID': '6', 'AMENT_PREFIX_PATH': '/afs/ec.auckland.ac.nz/users/j/z/jzen379/unixhome/ros2_ws/install/turtlebot_sensor:/afs/ec.auckland.ac.nz/users/j/z/jzen379/unixhome/ros2_ws/install/py_pubsub:/opt/ros/humble', 'ORIGINAL_XDG_CURRENT_DESKTOP': 'ubuntu:GNOME', 'SHELL': '/bin/bash', 'KRB5CCNAME': 'FILE:/tmp/krb5cc_236169613_exiLrW', 'ROS_DISCOVERY_SERVER': '172.24.192.15:11811', 'QT_ACCESSIBILITY': '1', 'GDMSESSION': 'ubuntu', 'PERL_MM_OPT': 'INSTALL_BASE=/afs/ec.auckland.ac.nz/users/j/z/jzen379/unixhome/perl5', 'IGN_GAZEBO_RESOURCE_PATH': '/opt/ros/humble/share', 'GPG_AGENT_INFO': '/run/user/236169613/gnupg/S.gpg-agent:0:1', 'GAZEBO_RESOURCE_PATH': '/opt/ros/humble/share', 'VSCODE_GIT_ASKPASS_EXTRA_ARGS': '', 'QT_IM_MODULE': 'ibus', 'JAVA_HOME': '/usr/lib/jvm/java-11-amazon-corretto', 'PWD': '/afs/ec.auckland.ac.nz/users/j/z/jzen379/unixhome/ros2_ws/build/py_pubsub', 'XDG_CONFIG_DIRS': '/etc/xdg/xdg-ubuntu:/etc/xdg', 'XDG_DATA_DIRS': '/usr/share/ubuntu:/usr/share/gnome:/afs/ec.auckland.ac.nz/users/j/z/jzen379/unixhome/.local/share/flatpak/exports/share:/var/lib/flatpak/exports/share:/usr/local/share/:/usr/share/:/var/lib/snapd/desktop', 'PYTHONPATH': '/afs/ec.auckland.ac.nz/users/j/z/jzen379/unixhome/ros2_ws/build/py_pubsub/prefix_override:/usr/lib/python3/dist-packages/colcon_core/task/python/colcon_distutils_commands:/afs/ec.auckland.ac.nz/users/j/z/jzen379/unixhome/ros2_ws/install/py_pubsub/lib/python3.10/site-packages:/afs/ec.auckland.ac.nz/users/j/z/jzen379/unixhome/ros2_ws/install/turtlebot_sensor/lib/python3.10/site-packages:/afs/ec.auckland.ac.nz/users/j/z/jzen379/unixhome/ros2_ws/install/py_pubsub/lib/python3.10/site-packages:/opt/ros/humble/lib/python3.10/site-packages:/opt/ros/humble/local/lib/python3.10/dist-packages', 'COLCON': '1', 'MANPATH': ':/usr/lib/jvm/java-11-amazon-corretto/man:/opt/puppetlabs/puppet/share/man', 'VTE_VERSION': '6800'}, 'shell': False}
[0.508301] (-) TimerEvent: {}
[0.508812] (turtlebot_sensor) Command: {'cmd': ['/usr/bin/python3', '-W', 'ignore:setup.py install is deprecated', '-W', 'ignore:easy_install command is deprecated', 'setup.py', 'egg_info', '--egg-base', '../../build/turtlebot_sensor', 'build', '--build-base', '/afs/ec.auckland.ac.nz/users/j/z/jzen379/unixhome/ros2_ws/build/turtlebot_sensor/build', 'install', '--record', '/afs/ec.auckland.ac.nz/users/j/z/jzen379/unixhome/ros2_ws/build/turtlebot_sensor/install.log', '--single-version-externally-managed', 'install_data'], 'cwd': '/afs/ec.auckland.ac.nz/users/j/z/jzen379/unixhome/ros2_ws/src/turtlebot_sensor', 'env': {'LANGUAGE': 'en_NZ:en', 'USER': 'jzen379', 'XDG_SESSION_TYPE': 'x11', 'GIT_ASKPASS': '/usr/share/code/resources/app/extensions/git/dist/askpass.sh', 'XDG_CACHE_HOME': '/tmp/.cache-jzen379/xdg', 'SHLVL': '2', 'LD_LIBRARY_PATH': '/opt/ros/humble/opt/rviz_ogre_vendor/lib:/opt/ros/humble/lib/x86_64-linux-gnu:/opt/ros/humble/lib:/usr/local/cuda/lib', 'PERL_LOCAL_LIB_ROOT': '/afs/ec.auckland.ac.nz/users/j/z/jzen379/unixhome/perl5', 'HOME': '/afs/ec.auckland.ac.nz/users/j/z/jzen379/unixhome', 'CHROME_DESKTOP': 'code.desktop', 'OLDPWD': '/afs/ec.auckland.ac.nz/users/j/z/jzen379/unixhome', 'TERM_PROGRAM_VERSION': '1.97.1', 'DESKTOP_SESSION': 'ubuntu', 'ROS_PYTHON_VERSION': '3', 'GNOME_SHELL_SESSION_MODE': 'ubuntu', 'GTK_MODULES': 'gail:atk-bridge:appmenu-gtk-module:appmenu-gtk-module', 'VSCODE_GIT_ASKPASS_MAIN': '/usr/share/code/resources/app/extensions/git/dist/askpass-main.js', 'VSCODE_GIT_ASKPASS_NODE': '/usr/share/code/code', 'PYDEVD_DISABLE_FILE_VALIDATION': '1', 'SYSTEMD_EXEC_PID': '4516', 'BUNDLED_DEBUGPY_PATH': '/afs/ec.auckland.ac.nz/users/j/z/jzen379/unixhome/.vscode/extensions/ms-python.debugpy-2025.8.0-linux-x64/bundled/libs/debugpy', 'DBUS_SESSION_BUS_ADDRESS': 'unix:path=/run/user/236169613/bus', 'COLORTERM': 'truecolor', 'UBUNTU_MENUPROXY': '1', 'IM_CONFIG_PHASE': '1', 'COLCON_PREFIX_PATH': '/afs/ec.auckland.ac.nz/users/j/z/jzen379/unixhome/ros2_ws/install', 'ROS_DISTRO': 'humble', 'GTK_IM_MODULE': 'ibus', 'LOGNAME': 'jzen379', 'IGN_GAZEBO_MODEL_PATH': '/opt/ros/humble/share', '_': '/usr/bin/colcon', 'ROS_VERSION': '2', 'XDG_SESSION_CLASS': 'user', 'USERNAME': 'jzen379', 'TERM': 'xterm-256color', 'PERL_MB_OPT': '--install_base "/afs/ec.auckland.ac.nz/users/j/z/jzen379/unixhome/perl5"', 'GAZEBO_MODEL_PATH': '/opt/ros/humble/share', 'GNOME_DESKTOP_SESSION_ID': 'this-is-deprecated', 'ROS_LOCALHOST_ONLY': '0', 'WINDOWPATH': '2', 'PATH': '/opt/ros/humble/bin:/afs/ec.auckland.ac.nz/users/j/z/jzen379/unixhome/perl5/bin:/afs/ec.auckland.ac.nz/users/j/z/jzen379/unixhome/.local/bin:/afs/ec.auckland.ac.nz/users/j/z/jzen379/unixhome/.local/share/gem/ruby/3.0.0/bin:/usr/lib/jvm/java-11-amazon-corretto/bin:/usr/local/sbin:/usr/local/bin:/usr/sbin:/usr/bin:/sbin:/bin:/usr/games:/usr/local/games:/snap/bin:/snap/bin:/usr/local/cuda/bin:/opt/puppetlabs/bin:/afs/ec.auckland.ac.nz/users/j/z/jzen379/unixhome/.vscode/extensions/ms-python.debugpy-2025.8.0-linux-x64/bundled/scripts/noConfigScripts', 'SESSION_MANAGER': 'local/en441356.uoa.auckland.ac.nz:@/tmp/.ICE-unix/4493,unix/en441356.uoa.auckland.ac.nz:/tmp/.ICE-unix/4493', 'FASTRTPS_DEFAULT_PROFILES_FILE': '/afs/ec.auckland.ac.nz/users/j/z/jzen379/unixhome/super_client_configuration_file.xml', 'XDG_MENU_PREFIX': 'gnome-', 'GNOME_TERMINAL_SCREEN': '/org/gnome/Terminal/screen/e4167807_24e0_45d1_bedd_1aa47e82f863', 'PERL5LIB': '/afs/ec.auckland.ac.nz/users/j/z/jzen379/unixhome/perl5/lib/perl5', 'XDG_RUNTIME_DIR': '/run/user/236169613', 'GDK_BACKEND': 'x11', 'DISPLAY': ':1', 'VSCODE_DEBUGPY_ADAPTER_ENDPOINTS': '/afs/ec.auckland.ac.nz/users/j/z/jzen379/unixhome/.vscode/extensions/ms-python.debugpy-2025.8.0-linux-x64/.noConfigDebugAdapterEndpoints/endpoint-0d6ba41ee6198c50.txt', 'LANG': 'en_NZ.UTF-8', 'XDG_CURRENT_DESKTOP': 'Unity', 'XMODIFIERS': '@im=ibus', 'XDG_SESSION_DESKTOP': 'ubuntu', 'XAUTHORITY': '/run/user/236169613/gdm/Xauthority', 'VSCODE_GIT_IPC_HANDLE': '/run/user/236169613/vscode-git-3b9bb59097.sock', 'GNOME_TERMINAL_SERVICE': ':1.112', 'TERM_PROGRAM': 'vscode', 'SSH_AGENT_LAUNCHER': 'gnome-keyring', 'SSH_AUTH_SOCK': '/run/user/236169613/keyring/ssh', 'ROS_DOMAIN_ID': '6', 'AMENT_PREFIX_PATH': '/afs/ec.auckland.ac.nz/users/j/z/jzen379/unixhome/ros2_ws/install/turtlebot_sensor:/afs/ec.auckland.ac.nz/users/j/z/jzen379/unixhome/ros2_ws/install/py_pubsub:/opt/ros/humble', 'ORIGINAL_XDG_CURRENT_DESKTOP': 'ubuntu:GNOME', 'SHELL': '/bin/bash', 'KRB5CCNAME': 'FILE:/tmp/krb5cc_236169613_exiLrW', 'ROS_DISCOVERY_SERVER': '172.24.192.15:11811', 'QT_ACCESSIBILITY': '1', 'GDMSESSION': 'ubuntu', 'PERL_MM_OPT': 'INSTALL_BASE=/afs/ec.auckland.ac.nz/users/j/z/jzen379/unixhome/perl5', 'IGN_GAZEBO_RESOURCE_PATH': '/opt/ros/humble/share', 'GPG_AGENT_INFO': '/run/user/236169613/gnupg/S.gpg-agent:0:1', 'GAZEBO_RESOURCE_PATH': '/opt/ros/humble/share', 'VSCODE_GIT_ASKPASS_EXTRA_ARGS': '', 'QT_IM_MODULE': 'ibus', 'JAVA_HOME': '/usr/lib/jvm/java-11-amazon-corretto', 'PWD': '/afs/ec.auckland.ac.nz/users/j/z/jzen379/unixhome/ros2_ws/build/turtlebot_sensor', 'XDG_CONFIG_DIRS': '/etc/xdg/xdg-ubuntu:/etc/xdg', 'XDG_DATA_DIRS': '/usr/share/ubuntu:/usr/share/gnome:/afs/ec.auckland.ac.nz/users/j/z/jzen379/unixhome/.local/share/flatpak/exports/share:/var/lib/flatpak/exports/share:/usr/local/share/:/usr/share/:/var/lib/snapd/desktop', 'PYTHONPATH': '/afs/ec.auckland.ac.nz/users/j/z/jzen379/unixhome/ros2_ws/build/turtlebot_sensor/prefix_override:/usr/lib/python3/dist-packages/colcon_core/task/python/colcon_distutils_commands:/afs/ec.auckland.ac.nz/users/j/z/jzen379/unixhome/ros2_ws/install/turtlebot_sensor/lib/python3.10/site-packages:/afs/ec.auckland.ac.nz/users/j/z/jzen379/unixhome/ros2_ws/install/turtlebot_sensor/lib/python3.10/site-packages:/afs/ec.auckland.ac.nz/users/j/z/jzen379/unixhome/ros2_ws/install/py_pubsub/lib/python3.10/site-packages:/opt/ros/humble/lib/python3.10/site-packages:/opt/ros/humble/local/lib/python3.10/dist-packages', 'COLCON': '1', 'MANPATH': ':/usr/lib/jvm/java-11-amazon-corretto/man:/opt/puppetlabs/puppet/share/man', 'VTE_VERSION': '6800'}, 'shell': False}
[0.608505] (-) TimerEvent: {}
[0.623418] (py_pubsub) StdoutLine: {'line': b'running egg_info\n'}
[0.624512] (py_pubsub) StdoutLine: {'line': b'writing ../../build/py_pubsub/py_pubsub.egg-info/PKG-INFO\n'}
[0.626371] (py_pubsub) StdoutLine: {'line': b'writing dependency_links to ../../build/py_pubsub/py_pubsub.egg-info/dependency_links.txt\n'}
[0.627961] (py_pubsub) StdoutLine: {'line': b'writing entry points to ../../build/py_pubsub/py_pubsub.egg-info/entry_points.txt\n'}
[0.629517] (py_pubsub) StdoutLine: {'line': b'writing requirements to ../../build/py_pubsub/py_pubsub.egg-info/requires.txt\n'}
[0.630926] (py_pubsub) StdoutLine: {'line': b'writing top-level names to ../../build/py_pubsub/py_pubsub.egg-info/top_level.txt\n'}
[0.631751] (turtlebot_sensor) StdoutLine: {'line': b'running egg_info\n'}
[0.632772] (turtlebot_sensor) StdoutLine: {'line': b'writing ../../build/turtlebot_sensor/turtlebot_sensor.egg-info/PKG-INFO\n'}
[0.633382] (py_pubsub) StdoutLine: {'line': b"reading manifest file '../../build/py_pubsub/py_pubsub.egg-info/SOURCES.txt'\n"}
[0.633600] (py_pubsub) StdoutLine: {'line': b"adding license file 'LICENSE'\n"}
[0.633984] (py_pubsub) StdoutLine: {'line': b"writing manifest file '../../build/py_pubsub/py_pubsub.egg-info/SOURCES.txt'\n"}
[0.634228] (turtlebot_sensor) StdoutLine: {'line': b'writing dependency_links to ../../build/turtlebot_sensor/turtlebot_sensor.egg-info/dependency_links.txt\n'}
[0.635362] (py_pubsub) StdoutLine: {'line': b'running build\n'}
[0.635455] (py_pubsub) StdoutLine: {'line': b'running build_py\n'}
[0.635538] (turtlebot_sensor) StdoutLine: {'line': b'writing entry points to ../../build/turtlebot_sensor/turtlebot_sensor.egg-info/entry_points.txt\n'}
[0.635610] (py_pubsub) StdoutLine: {'line': b'running install\n'}
[0.635775] (py_pubsub) StdoutLine: {'line': b'running install_lib\n'}
[0.636901] (turtlebot_sensor) StdoutLine: {'line': b'writing requirements to ../../build/turtlebot_sensor/turtlebot_sensor.egg-info/requires.txt\n'}
[0.637115] (py_pubsub) StdoutLine: {'line': b'running install_data\n'}
[0.637197] (py_pubsub) StdoutLine: {'line': b'running install_egg_info\n'}
[0.637962] (turtlebot_sensor) StdoutLine: {'line': b'writing top-level names to ../../build/turtlebot_sensor/turtlebot_sensor.egg-info/top_level.txt\n'}
[0.638030] (py_pubsub) StdoutLine: {'line': b"removing '/afs/ec.auckland.ac.nz/users/j/z/jzen379/unixhome/ros2_ws/install/py_pubsub/lib/python3.10/site-packages/py_pubsub-0.0.0-py3.10.egg-info' (and everything under it)\n"}
[0.640199] (turtlebot_sensor) StdoutLine: {'line': b"reading manifest file '../../build/turtlebot_sensor/turtlebot_sensor.egg-info/SOURCES.txt'\n"}
[0.640349] (turtlebot_sensor) StdoutLine: {'line': b"adding license file 'LICENSE'\n"}
[0.640699] (turtlebot_sensor) StdoutLine: {'line': b"writing manifest file '../../build/turtlebot_sensor/turtlebot_sensor.egg-info/SOURCES.txt'\n"}
[0.642045] (turtlebot_sensor) StdoutLine: {'line': b'running build\n'}
[0.642078] (turtlebot_sensor) StdoutLine: {'line': b'running build_py\n'}
[0.642384] (turtlebot_sensor) StdoutLine: {'line': b'copying turtlebot_sensor/mission_node.py -> /afs/ec.auckland.ac.nz/users/j/z/jzen379/unixhome/ros2_ws/build/turtlebot_sensor/build/lib/turtlebot_sensor\n'}
[0.645925] (py_pubsub) StdoutLine: {'line': b'Copying ../../build/py_pubsub/py_pubsub.egg-info to /afs/ec.auckland.ac.nz/users/j/z/jzen379/unixhome/ros2_ws/install/py_pubsub/lib/python3.10/site-packages/py_pubsub-0.0.0-py3.10.egg-info\n'}
[0.647776] (turtlebot_sensor) StdoutLine: {'line': b'running install\n'}
[0.647922] (turtlebot_sensor) StdoutLine: {'line': b'running install_lib\n'}
[0.648566] (turtlebot_sensor) StdoutLine: {'line': b'copying /afs/ec.auckland.ac.nz/users/j/z/jzen379/unixhome/ros2_ws/build/turtlebot_sensor/build/lib/turtlebot_sensor/mission_node.py -> /afs/ec.auckland.ac.nz/users/j/z/jzen379/unixhome/ros2_ws/install/turtlebot_sensor/lib/python3.10/site-packages/turtlebot_sensor\n'}
[0.658544] (turtlebot_sensor) StdoutLine: {'line': b'byte-compiling /afs/ec.auckland.ac.nz/users/j/z/jzen379/unixhome/ros2_ws/install/turtlebot_sensor/lib/python3.10/site-packages/turtlebot_sensor/mission_node.py to mission_node.cpython-310.pyc\n'}
[0.665260] (turtlebot_sensor) StdoutLine: {'line': b'running install_data\n'}
[0.665885] (turtlebot_sensor) StdoutLine: {'line': b'running install_egg_info\n'}
[0.667875] (turtlebot_sensor) StdoutLine: {'line': b"removing '/afs/ec.auckland.ac.nz/users/j/z/jzen379/unixhome/ros2_ws/install/turtlebot_sensor/lib/python3.10/site-packages/turtlebot_sensor-0.0.0-py3.10.egg-info' (and everything under it)\n"}
[0.675916] (py_pubsub) StdoutLine: {'line': b'running install_scripts\n'}
[0.676031] (turtlebot_sensor) StdoutLine: {'line': b'Copying ../../build/turtlebot_sensor/turtlebot_sensor.egg-info to /afs/ec.auckland.ac.nz/users/j/z/jzen379/unixhome/ros2_ws/install/turtlebot_sensor/lib/python3.10/site-packages/turtlebot_sensor-0.0.0-py3.10.egg-info\n'}
[0.700858] (turtlebot_sensor) StdoutLine: {'line': b'running install_scripts\n'}
[0.701650] (py_pubsub) StdoutLine: {'line': b'Installing listener script to /afs/ec.auckland.ac.nz/users/j/z/jzen379/unixhome/ros2_ws/install/py_pubsub/lib/py_pubsub\n'}
[0.704223] (py_pubsub) StdoutLine: {'line': b'Installing talker script to /afs/ec.auckland.ac.nz/users/j/z/jzen379/unixhome/ros2_ws/install/py_pubsub/lib/py_pubsub\n'}
[0.706809] (py_pubsub) StdoutLine: {'line': b"writing list of installed files to '/afs/ec.auckland.ac.nz/users/j/z/jzen379/unixhome/ros2_ws/build/py_pubsub/install.log'\n"}
[0.708572] (-) TimerEvent: {}
[0.722215] (turtlebot_sensor) StdoutLine: {'line': b'Installing cube_detection_node script to /afs/ec.auckland.ac.nz/users/j/z/jzen379/unixhome/ros2_ws/install/turtlebot_sensor/lib/turtlebot_sensor\n'}
[0.724385] (turtlebot_sensor) StdoutLine: {'line': b'Installing explorer script to /afs/ec.auckland.ac.nz/users/j/z/jzen379/unixhome/ros2_ws/install/turtlebot_sensor/lib/turtlebot_sensor\n'}
[0.725589] (py_pubsub) CommandEnded: {'returncode': 0}
[0.726480] (turtlebot_sensor) StdoutLine: {'line': b'Installing mission_node script to /afs/ec.auckland.ac.nz/users/j/z/jzen379/unixhome/ros2_ws/install/turtlebot_sensor/lib/turtlebot_sensor\n'}
[0.728690] (turtlebot_sensor) StdoutLine: {'line': b'Installing plan_node script to /afs/ec.auckland.ac.nz/users/j/z/jzen379/unixhome/ros2_ws/install/turtlebot_sensor/lib/turtlebot_sensor\n'}
[0.730887] (turtlebot_sensor) StdoutLine: {'line': b'Installing value_test script to /afs/ec.auckland.ac.nz/users/j/z/jzen379/unixhome/ros2_ws/install/turtlebot_sensor/lib/turtlebot_sensor\n'}
[0.733205] (turtlebot_sensor) StdoutLine: {'line': b"writing list of installed files to '/afs/ec.auckland.ac.nz/users/j/z/jzen379/unixhome/ros2_ws/build/turtlebot_sensor/install.log'\n"}
[0.743800] (py_pubsub) JobEnded: {'identifier': 'py_pubsub', 'rc': 0}
[0.750285] (turtlebot_sensor) CommandEnded: {'returncode': 0}
[0.764719] (turtlebot_sensor) JobEnded: {'identifier': 'turtlebot_sensor', 'rc': 0}
[0.772486] (-) EventReactorShutdown: {}
