[0.514s] Invoking command in '/afs/ec.auckland.ac.nz/users/j/z/jzen379/unixhome/ros2_ws/src/turtlebot_sensor': PYTHONPATH=/afs/ec.auckland.ac.nz/users/j/z/jzen379/unixhome/ros2_ws/build/turtlebot_sensor/prefix_override:/usr/lib/python3/dist-packages/colcon_core/task/python/colcon_distutils_commands:/afs/ec.auckland.ac.nz/users/j/z/jzen379/unixhome/ros2_ws/install/turtlebot_sensor/lib/python3.10/site-packages:${PYTHONPATH} /usr/bin/python3 -W ignore:setup.py install is deprecated -W ignore:easy_install command is deprecated setup.py egg_info --egg-base ../../build/turtlebot_sensor build --build-base /afs/ec.auckland.ac.nz/users/j/z/jzen379/unixhome/ros2_ws/build/turtlebot_sensor/build install --record /afs/ec.auckland.ac.nz/users/j/z/jzen379/unixhome/ros2_ws/build/turtlebot_sensor/install.log --single-version-externally-managed install_data
[0.628s] running egg_info
[0.630s] writing ../../build/turtlebot_sensor/turtlebot_sensor.egg-info/PKG-INFO
[0.631s] writing dependency_links to ../../build/turtlebot_sensor/turtlebot_sensor.egg-info/dependency_links.txt
[0.633s] writing entry points to ../../build/turtlebot_sensor/turtlebot_sensor.egg-info/entry_points.txt
[0.635s] writing requirements to ../../build/turtlebot_sensor/turtlebot_sensor.egg-info/requires.txt
[0.637s] writing top-level names to ../../build/turtlebot_sensor/turtlebot_sensor.egg-info/top_level.txt
[0.640s] reading manifest file '../../build/turtlebot_sensor/turtlebot_sensor.egg-info/SOURCES.txt'
[0.640s] adding license file 'LICENSE'
[0.640s] writing manifest file '../../build/turtlebot_sensor/turtlebot_sensor.egg-info/SOURCES.txt'
[0.642s] running build
[0.642s] running build_py
[0.642s] copying turtlebot_sensor/plan_node.py -> /afs/ec.auckland.ac.nz/users/j/z/jzen379/unixhome/ros2_ws/build/turtlebot_sensor/build/lib/turtlebot_sensor
[0.651s] running install
[0.651s] running install_lib
[0.651s] copying /afs/ec.auckland.ac.nz/users/j/z/jzen379/unixhome/ros2_ws/build/turtlebot_sensor/build/lib/turtlebot_sensor/plan_node.py -> /afs/ec.auckland.ac.nz/users/j/z/jzen379/unixhome/ros2_ws/install/turtlebot_sensor/lib/python3.10/site-packages/turtlebot_sensor
[0.661s] byte-compiling /afs/ec.auckland.ac.nz/users/j/z/jzen379/unixhome/ros2_ws/install/turtlebot_sensor/lib/python3.10/site-packages/turtlebot_sensor/plan_node.py to plan_node.cpython-310.pyc
[0.670s] running install_data
[0.670s] running install_egg_info
[0.672s] removing '/afs/ec.auckland.ac.nz/users/j/z/jzen379/unixhome/ros2_ws/install/turtlebot_sensor/lib/python3.10/site-packages/turtlebot_sensor-0.0.0-py3.10.egg-info' (and everything under it)
[0.680s] Copying ../../build/turtlebot_sensor/turtlebot_sensor.egg-info to /afs/ec.auckland.ac.nz/users/j/z/jzen379/unixhome/ros2_ws/install/turtlebot_sensor/lib/python3.10/site-packages/turtlebot_sensor-0.0.0-py3.10.egg-info
[0.708s] running install_scripts
[0.719s] Installing cube_detection_node script to /afs/ec.auckland.ac.nz/users/j/z/jzen379/unixhome/ros2_ws/install/turtlebot_sensor/lib/turtlebot_sensor
[0.721s] Installing explorer script to /afs/ec.auckland.ac.nz/users/j/z/jzen379/unixhome/ros2_ws/install/turtlebot_sensor/lib/turtlebot_sensor
[0.724s] Installing mission_node script to /afs/ec.auckland.ac.nz/users/j/z/jzen379/unixhome/ros2_ws/install/turtlebot_sensor/lib/turtlebot_sensor
[0.728s] Installing plan_node script to /afs/ec.auckland.ac.nz/users/j/z/jzen379/unixhome/ros2_ws/install/turtlebot_sensor/lib/turtlebot_sensor
[0.730s] Installing value_test script to /afs/ec.auckland.ac.nz/users/j/z/jzen379/unixhome/ros2_ws/install/turtlebot_sensor/lib/turtlebot_sensor
[0.734s] writing list of installed files to '/afs/ec.auckland.ac.nz/users/j/z/jzen379/unixhome/ros2_ws/build/turtlebot_sensor/install.log'
[0.762s] Invoked command in '/afs/ec.auckland.ac.nz/users/j/z/jzen379/unixhome/ros2_ws/src/turtlebot_sensor' returned '0': PYTHONPATH=/afs/ec.auckland.ac.nz/users/j/z/jzen379/unixhome/ros2_ws/build/turtlebot_sensor/prefix_override:/usr/lib/python3/dist-packages/colcon_core/task/python/colcon_distutils_commands:/afs/ec.auckland.ac.nz/users/j/z/jzen379/unixhome/ros2_ws/install/turtlebot_sensor/lib/python3.10/site-packages:${PYTHONPATH} /usr/bin/python3 -W ignore:setup.py install is deprecated -W ignore:easy_install command is deprecated setup.py egg_info --egg-base ../../build/turtlebot_sensor build --build-base /afs/ec.auckland.ac.nz/users/j/z/jzen379/unixhome/ros2_ws/build/turtlebot_sensor/build install --record /afs/ec.auckland.ac.nz/users/j/z/jzen379/unixhome/ros2_ws/build/turtlebot_sensor/install.log --single-version-externally-managed install_data
