[0.642s] Invoking command in '/afs/ec.auckland.ac.nz/users/j/z/jzen379/unixhome/ros2_ws/src/turtlebot_sensor': PYTHONPATH=/afs/ec.auckland.ac.nz/users/j/z/jzen379/unixhome/ros2_ws/build/turtlebot_sensor/prefix_override:/usr/lib/python3/dist-packages/colcon_core/task/python/colcon_distutils_commands:/afs/ec.auckland.ac.nz/users/j/z/jzen379/unixhome/ros2_ws/install/turtlebot_sensor/lib/python3.10/site-packages:${PYTHONPATH} /usr/bin/python3 -W ignore:setup.py install is deprecated -W ignore:easy_install command is deprecated setup.py egg_info --egg-base ../../build/turtlebot_sensor build --build-base /afs/ec.auckland.ac.nz/users/j/z/jzen379/unixhome/ros2_ws/build/turtlebot_sensor/build install --record /afs/ec.auckland.ac.nz/users/j/z/jzen379/unixhome/ros2_ws/build/turtlebot_sensor/install.log --single-version-externally-managed install_data
[0.780s] running egg_info
[0.782s] writing ../../build/turtlebot_sensor/turtlebot_sensor.egg-info/PKG-INFO
[0.785s] writing dependency_links to ../../build/turtlebot_sensor/turtlebot_sensor.egg-info/dependency_links.txt
[0.788s] writing entry points to ../../build/turtlebot_sensor/turtlebot_sensor.egg-info/entry_points.txt
[0.790s] writing requirements to ../../build/turtlebot_sensor/turtlebot_sensor.egg-info/requires.txt
[0.793s] writing top-level names to ../../build/turtlebot_sensor/turtlebot_sensor.egg-info/top_level.txt
[0.797s] reading manifest file '../../build/turtlebot_sensor/turtlebot_sensor.egg-info/SOURCES.txt'
[0.798s] adding license file 'LICENSE'
[0.798s] writing manifest file '../../build/turtlebot_sensor/turtlebot_sensor.egg-info/SOURCES.txt'
[0.801s] running build
[0.801s] running build_py
[0.802s] copying turtlebot_sensor/explorer.py -> /afs/ec.auckland.ac.nz/users/j/z/jzen379/unixhome/ros2_ws/build/turtlebot_sensor/build/lib/turtlebot_sensor
[0.816s] running install
[0.816s] running install_lib
[0.817s] copying /afs/ec.auckland.ac.nz/users/j/z/jzen379/unixhome/ros2_ws/build/turtlebot_sensor/build/lib/turtlebot_sensor/explorer.py -> /afs/ec.auckland.ac.nz/users/j/z/jzen379/unixhome/ros2_ws/install/turtlebot_sensor/lib/python3.10/site-packages/turtlebot_sensor
[0.832s] byte-compiling /afs/ec.auckland.ac.nz/users/j/z/jzen379/unixhome/ros2_ws/install/turtlebot_sensor/lib/python3.10/site-packages/turtlebot_sensor/explorer.py to explorer.cpython-310.pyc
[0.843s] running install_data
[0.843s] running install_egg_info
[0.844s] removing '/afs/ec.auckland.ac.nz/users/j/z/jzen379/unixhome/ros2_ws/install/turtlebot_sensor/lib/python3.10/site-packages/turtlebot_sensor-0.0.0-py3.10.egg-info' (and everything under it)
[0.860s] Copying ../../build/turtlebot_sensor/turtlebot_sensor.egg-info to /afs/ec.auckland.ac.nz/users/j/z/jzen379/unixhome/ros2_ws/install/turtlebot_sensor/lib/python3.10/site-packages/turtlebot_sensor-0.0.0-py3.10.egg-info
[0.910s] running install_scripts
[0.926s] Installing explorer script to /afs/ec.auckland.ac.nz/users/j/z/jzen379/unixhome/ros2_ws/install/turtlebot_sensor/lib/turtlebot_sensor
[0.929s] Installing sync_node script to /afs/ec.auckland.ac.nz/users/j/z/jzen379/unixhome/ros2_ws/install/turtlebot_sensor/lib/turtlebot_sensor
[0.934s] writing list of installed files to '/afs/ec.auckland.ac.nz/users/j/z/jzen379/unixhome/ros2_ws/build/turtlebot_sensor/install.log'
[0.964s] Invoked command in '/afs/ec.auckland.ac.nz/users/j/z/jzen379/unixhome/ros2_ws/src/turtlebot_sensor' returned '0': PYTHONPATH=/afs/ec.auckland.ac.nz/users/j/z/jzen379/unixhome/ros2_ws/build/turtlebot_sensor/prefix_override:/usr/lib/python3/dist-packages/colcon_core/task/python/colcon_distutils_commands:/afs/ec.auckland.ac.nz/users/j/z/jzen379/unixhome/ros2_ws/install/turtlebot_sensor/lib/python3.10/site-packages:${PYTHONPATH} /usr/bin/python3 -W ignore:setup.py install is deprecated -W ignore:easy_install command is deprecated setup.py egg_info --egg-base ../../build/turtlebot_sensor build --build-base /afs/ec.auckland.ac.nz/users/j/z/jzen379/unixhome/ros2_ws/build/turtlebot_sensor/build install --record /afs/ec.auckland.ac.nz/users/j/z/jzen379/unixhome/ros2_ws/build/turtlebot_sensor/install.log --single-version-externally-managed install_data
