[0.000000] (-) TimerEvent: {}
[0.000080] (py_pubsub) JobQueued: {'identifier': 'py_pubsub', 'dependencies': OrderedDict()}
[0.000097] (turtlebot_sensor) JobQueued: {'identifier': 'turtlebot_sensor', 'dependencies': OrderedDict()}
[0.000110] (py_pubsub) JobStarted: {'identifier': 'py_pubsub'}
[0.013900] (turtlebot_sensor) JobStarted: {'identifier': 'turtlebot_sensor'}
[0.097700] (-) TimerEvent: {}
[0.197835] (-) TimerEvent: {}
[0.298022] (-) TimerEvent: {}
[0.398251] (-) TimerEvent: {}
[0.498531] (-) TimerEvent: {}
[0.511777] (py_pubsub) Command: {'cmd': ['/usr/bin/python3', '-W', 'ignore:setup.py install is deprecated', '-W', 'ignore:easy_install command is deprecated', 'setup.py', 'egg_info', '--egg-base', '../build/py_pubsub', 'build', '--build-base', '/afs/ec.auckland.ac.nz/users/j/z/jzen379/unixhome/ros2_ws/src/build/py_pubsub/build', 'install', '--record', '/afs/ec.auckland.ac.nz/users/j/z/jzen379/unixhome/ros2_ws/src/build/py_pubsub/install.log', '--single-version-externally-managed', 'install_data'], 'cwd': '/afs/ec.auckland.ac.nz/users/j/z/jzen379/unixhome/ros2_ws/src/py_pubsub', 'env': {'LANGUAGE': 'en_NZ:en', 'USER': 'jzen379', 'XDG_SESSION_TYPE': 'x11', 'XDG_CACHE_HOME': '/tmp/.cache-jzen379/xdg', 'SHLVL': '1', 'LD_LIBRARY_PATH': '/opt/ros/humble/opt/rviz_ogre_vendor/lib:/opt/ros/humble/lib/x86_64-linux-gnu:/opt/ros/humble/lib:/usr/local/cuda/lib', 'PERL_LOCAL_LIB_ROOT': '/afs/ec.auckland.ac.nz/users/j/z/jzen379/unixhome/perl5', 'HOME': '/afs/ec.auckland.ac.nz/users/j/z/jzen379/unixhome', 'OLDPWD': '/afs/ec.auckland.ac.nz/users/j/z/jzen379/unixhome/ros2_ws/src/turtlebot_sensor', 'DESKTOP_SESSION': 'ubuntu', 'ROS_PYTHON_VERSION': '3', 'GNOME_SHELL_SESSION_MODE': 'ubuntu', 'GTK_MODULES': 'gail:atk-bridge:appmenu-gtk-module:appmenu-gtk-module', 'SYSTEMD_EXEC_PID': '15617', 'DBUS_SESSION_BUS_ADDRESS': 'unix:path=/run/user/236169613/bus', 'COLORTERM': 'truecolor', 'UBUNTU_MENUPROXY': '1', 'IM_CONFIG_PHASE': '1', 'COLCON_PREFIX_PATH': '/afs/ec.auckland.ac.nz/users/j/z/jzen379/unixhome/ros2_ws/install', 'ROS_DISTRO': 'humble', 'GTK_IM_MODULE': 'ibus', 'LOGNAME': 'jzen379', 'IGN_GAZEBO_MODEL_PATH': '/opt/ros/humble/share', '_': '/usr/bin/colcon', 'ROS_VERSION': '2', 'XDG_SESSION_CLASS': 'user', 'USERNAME': 'jzen379', 'TERM': 'xterm-256color', 'PERL_MB_OPT': '--install_base "/afs/ec.auckland.ac.nz/users/j/z/jzen379/unixhome/perl5"', 'GAZEBO_MODEL_PATH': '/opt/ros/humble/share', 'GNOME_DESKTOP_SESSION_ID': 'this-is-deprecated', 'ROS_LOCALHOST_ONLY': '0', 'WINDOWPATH': '2', 'PATH': '/opt/ros/humble/bin:/afs/ec.auckland.ac.nz/users/j/z/jzen379/unixhome/perl5/bin:/afs/ec.auckland.ac.nz/users/j/z/jzen379/unixhome/.local/bin:/afs/ec.auckland.ac.nz/users/j/z/jzen379/unixhome/.local/share/gem/ruby/3.0.0/bin:/usr/lib/jvm/java-11-amazon-corretto/bin:/usr/local/sbin:/usr/local/bin:/usr/sbin:/usr/bin:/sbin:/bin:/usr/games:/usr/local/games:/snap/bin:/snap/bin:/usr/local/cuda/bin:/opt/puppetlabs/bin', 'SESSION_MANAGER': 'local/en436783.uoa.auckland.ac.nz:@/tmp/.ICE-unix/4230,unix/en436783.uoa.auckland.ac.nz:/tmp/.ICE-unix/4230', 'FASTRTPS_DEFAULT_PROFILES_FILE': '/afs/ec.auckland.ac.nz/users/j/z/jzen379/unixhome/super_client_configuration_file.xml', 'XDG_MENU_PREFIX': 'gnome-', 'GNOME_TERMINAL_SCREEN': '/org/gnome/Terminal/screen/97ba6376_579a_47eb_83cc_3b1daa18891b', 'PERL5LIB': '/afs/ec.auckland.ac.nz/users/j/z/jzen379/unixhome/perl5/lib/perl5', 'XDG_RUNTIME_DIR': '/run/user/236169613', 'DISPLAY': ':1', 'LANG': 'en_NZ.UTF-8', 'XDG_CURRENT_DESKTOP': 'ubuntu:GNOME', 'XMODIFIERS': '@im=ibus', 'XDG_SESSION_DESKTOP': 'ubuntu', 'XAUTHORITY': '/run/user/236169613/gdm/Xauthority', 'GNOME_TERMINAL_SERVICE': ':1.181', 'SSH_AGENT_LAUNCHER': 'gnome-keyring', 'SSH_AUTH_SOCK': '/run/user/236169613/keyring/ssh', 'ROS_DOMAIN_ID': '7', 'AMENT_PREFIX_PATH': '/afs/ec.auckland.ac.nz/users/j/z/jzen379/unixhome/ros2_ws/install/turtlebot_sensor:/afs/ec.auckland.ac.nz/users/j/z/jzen379/unixhome/ros2_ws/install/py_pubsub:/opt/ros/humble', 'SHELL': '/bin/bash', 'KRB5CCNAME': 'FILE:/tmp/krb5cc_236169613_iaPfed', 'ROS_DISCOVERY_SERVER': '172.24.192.16:11811', 'QT_ACCESSIBILITY': '1', 'GDMSESSION': 'ubuntu', 'PERL_MM_OPT': 'INSTALL_BASE=/afs/ec.auckland.ac.nz/users/j/z/jzen379/unixhome/perl5', 'IGN_GAZEBO_RESOURCE_PATH': '/opt/ros/humble/share', 'GPG_AGENT_INFO': '/run/user/236169613/gnupg/S.gpg-agent:0:1', 'GAZEBO_RESOURCE_PATH': '/opt/ros/humble/share', 'QT_IM_MODULE': 'ibus', 'JAVA_HOME': '/usr/lib/jvm/java-11-amazon-corretto', 'PWD': '/afs/ec.auckland.ac.nz/users/j/z/jzen379/unixhome/ros2_ws/src/build/py_pubsub', 'XDG_CONFIG_DIRS': '/etc/xdg/xdg-ubuntu:/etc/xdg', 'XDG_DATA_DIRS': '/usr/share/ubuntu:/usr/share/gnome:/afs/ec.auckland.ac.nz/users/j/z/jzen379/unixhome/.local/share/flatpak/exports/share:/var/lib/flatpak/exports/share:/usr/local/share/:/usr/share/:/var/lib/snapd/desktop', 'PYTHONPATH': '/afs/ec.auckland.ac.nz/users/j/z/jzen379/unixhome/ros2_ws/src/build/py_pubsub/prefix_override:/usr/lib/python3/dist-packages/colcon_core/task/python/colcon_distutils_commands:/afs/ec.auckland.ac.nz/users/j/z/jzen379/unixhome/ros2_ws/src/install/py_pubsub/lib/python3.10/site-packages:/afs/ec.auckland.ac.nz/users/j/z/jzen379/unixhome/ros2_ws/install/turtlebot_sensor/lib/python3.10/site-packages:/afs/ec.auckland.ac.nz/users/j/z/jzen379/unixhome/ros2_ws/install/py_pubsub/lib/python3.10/site-packages:/opt/ros/humble/lib/python3.10/site-packages:/opt/ros/humble/local/lib/python3.10/dist-packages', 'COLCON': '1', 'MANPATH': ':/usr/lib/jvm/java-11-amazon-corretto/man:/opt/puppetlabs/puppet/share/man', 'VTE_VERSION': '6800'}, 'shell': False}
[0.528256] (turtlebot_sensor) Command: {'cmd': ['/usr/bin/python3', '-W', 'ignore:setup.py install is deprecated', '-W', 'ignore:easy_install command is deprecated', 'setup.py', 'egg_info', '--egg-base', '../build/turtlebot_sensor', 'build', '--build-base', '/afs/ec.auckland.ac.nz/users/j/z/jzen379/unixhome/ros2_ws/src/build/turtlebot_sensor/build', 'install', '--record', '/afs/ec.auckland.ac.nz/users/j/z/jzen379/unixhome/ros2_ws/src/build/turtlebot_sensor/install.log', '--single-version-externally-managed', 'install_data'], 'cwd': '/afs/ec.auckland.ac.nz/users/j/z/jzen379/unixhome/ros2_ws/src/turtlebot_sensor', 'env': {'LANGUAGE': 'en_NZ:en', 'USER': 'jzen379', 'XDG_SESSION_TYPE': 'x11', 'XDG_CACHE_HOME': '/tmp/.cache-jzen379/xdg', 'SHLVL': '1', 'LD_LIBRARY_PATH': '/opt/ros/humble/opt/rviz_ogre_vendor/lib:/opt/ros/humble/lib/x86_64-linux-gnu:/opt/ros/humble/lib:/usr/local/cuda/lib', 'PERL_LOCAL_LIB_ROOT': '/afs/ec.auckland.ac.nz/users/j/z/jzen379/unixhome/perl5', 'HOME': '/afs/ec.auckland.ac.nz/users/j/z/jzen379/unixhome', 'OLDPWD': '/afs/ec.auckland.ac.nz/users/j/z/jzen379/unixhome/ros2_ws/src/turtlebot_sensor', 'DESKTOP_SESSION': 'ubuntu', 'ROS_PYTHON_VERSION': '3', 'GNOME_SHELL_SESSION_MODE': 'ubuntu', 'GTK_MODULES': 'gail:atk-bridge:appmenu-gtk-module:appmenu-gtk-module', 'SYSTEMD_EXEC_PID': '15617', 'DBUS_SESSION_BUS_ADDRESS': 'unix:path=/run/user/236169613/bus', 'COLORTERM': 'truecolor', 'UBUNTU_MENUPROXY': '1', 'IM_CONFIG_PHASE': '1', 'COLCON_PREFIX_PATH': '/afs/ec.auckland.ac.nz/users/j/z/jzen379/unixhome/ros2_ws/install', 'ROS_DISTRO': 'humble', 'GTK_IM_MODULE': 'ibus', 'LOGNAME': 'jzen379', 'IGN_GAZEBO_MODEL_PATH': '/opt/ros/humble/share', '_': '/usr/bin/colcon', 'ROS_VERSION': '2', 'XDG_SESSION_CLASS': 'user', 'USERNAME': 'jzen379', 'TERM': 'xterm-256color', 'PERL_MB_OPT': '--install_base "/afs/ec.auckland.ac.nz/users/j/z/jzen379/unixhome/perl5"', 'GAZEBO_MODEL_PATH': '/opt/ros/humble/share', 'GNOME_DESKTOP_SESSION_ID': 'this-is-deprecated', 'ROS_LOCALHOST_ONLY': '0', 'WINDOWPATH': '2', 'PATH': '/opt/ros/humble/bin:/afs/ec.auckland.ac.nz/users/j/z/jzen379/unixhome/perl5/bin:/afs/ec.auckland.ac.nz/users/j/z/jzen379/unixhome/.local/bin:/afs/ec.auckland.ac.nz/users/j/z/jzen379/unixhome/.local/share/gem/ruby/3.0.0/bin:/usr/lib/jvm/java-11-amazon-corretto/bin:/usr/local/sbin:/usr/local/bin:/usr/sbin:/usr/bin:/sbin:/bin:/usr/games:/usr/local/games:/snap/bin:/snap/bin:/usr/local/cuda/bin:/opt/puppetlabs/bin', 'SESSION_MANAGER': 'local/en436783.uoa.auckland.ac.nz:@/tmp/.ICE-unix/4230,unix/en436783.uoa.auckland.ac.nz:/tmp/.ICE-unix/4230', 'FASTRTPS_DEFAULT_PROFILES_FILE': '/afs/ec.auckland.ac.nz/users/j/z/jzen379/unixhome/super_client_configuration_file.xml', 'XDG_MENU_PREFIX': 'gnome-', 'GNOME_TERMINAL_SCREEN': '/org/gnome/Terminal/screen/97ba6376_579a_47eb_83cc_3b1daa18891b', 'PERL5LIB': '/afs/ec.auckland.ac.nz/users/j/z/jzen379/unixhome/perl5/lib/perl5', 'XDG_RUNTIME_DIR': '/run/user/236169613', 'DISPLAY': ':1', 'LANG': 'en_NZ.UTF-8', 'XDG_CURRENT_DESKTOP': 'ubuntu:GNOME', 'XMODIFIERS': '@im=ibus', 'XDG_SESSION_DESKTOP': 'ubuntu', 'XAUTHORITY': '/run/user/236169613/gdm/Xauthority', 'GNOME_TERMINAL_SERVICE': ':1.181', 'SSH_AGENT_LAUNCHER': 'gnome-keyring', 'SSH_AUTH_SOCK': '/run/user/236169613/keyring/ssh', 'ROS_DOMAIN_ID': '7', 'AMENT_PREFIX_PATH': '/afs/ec.auckland.ac.nz/users/j/z/jzen379/unixhome/ros2_ws/install/turtlebot_sensor:/afs/ec.auckland.ac.nz/users/j/z/jzen379/unixhome/ros2_ws/install/py_pubsub:/opt/ros/humble', 'SHELL': '/bin/bash', 'KRB5CCNAME': 'FILE:/tmp/krb5cc_236169613_iaPfed', 'ROS_DISCOVERY_SERVER': '172.24.192.16:11811', 'QT_ACCESSIBILITY': '1', 'GDMSESSION': 'ubuntu', 'PERL_MM_OPT': 'INSTALL_BASE=/afs/ec.auckland.ac.nz/users/j/z/jzen379/unixhome/perl5', 'IGN_GAZEBO_RESOURCE_PATH': '/opt/ros/humble/share', 'GPG_AGENT_INFO': '/run/user/236169613/gnupg/S.gpg-agent:0:1', 'GAZEBO_RESOURCE_PATH': '/opt/ros/humble/share', 'QT_IM_MODULE': 'ibus', 'JAVA_HOME': '/usr/lib/jvm/java-11-amazon-corretto', 'PWD': '/afs/ec.auckland.ac.nz/users/j/z/jzen379/unixhome/ros2_ws/src/build/turtlebot_sensor', 'XDG_CONFIG_DIRS': '/etc/xdg/xdg-ubuntu:/etc/xdg', 'XDG_DATA_DIRS': '/usr/share/ubuntu:/usr/share/gnome:/afs/ec.auckland.ac.nz/users/j/z/jzen379/unixhome/.local/share/flatpak/exports/share:/var/lib/flatpak/exports/share:/usr/local/share/:/usr/share/:/var/lib/snapd/desktop', 'PYTHONPATH': '/afs/ec.auckland.ac.nz/users/j/z/jzen379/unixhome/ros2_ws/src/build/turtlebot_sensor/prefix_override:/usr/lib/python3/dist-packages/colcon_core/task/python/colcon_distutils_commands:/afs/ec.auckland.ac.nz/users/j/z/jzen379/unixhome/ros2_ws/src/install/turtlebot_sensor/lib/python3.10/site-packages:/afs/ec.auckland.ac.nz/users/j/z/jzen379/unixhome/ros2_ws/install/turtlebot_sensor/lib/python3.10/site-packages:/afs/ec.auckland.ac.nz/users/j/z/jzen379/unixhome/ros2_ws/install/py_pubsub/lib/python3.10/site-packages:/opt/ros/humble/lib/python3.10/site-packages:/opt/ros/humble/local/lib/python3.10/dist-packages', 'COLCON': '1', 'MANPATH': ':/usr/lib/jvm/java-11-amazon-corretto/man:/opt/puppetlabs/puppet/share/man', 'VTE_VERSION': '6800'}, 'shell': False}
[0.598632] (-) TimerEvent: {}
[0.634374] (py_pubsub) StdoutLine: {'line': b'running egg_info\n'}
[0.636207] (py_pubsub) StdoutLine: {'line': b'writing ../build/py_pubsub/py_pubsub.egg-info/PKG-INFO\n'}
[0.639093] (py_pubsub) StdoutLine: {'line': b'writing dependency_links to ../build/py_pubsub/py_pubsub.egg-info/dependency_links.txt\n'}
[0.641615] (py_pubsub) StdoutLine: {'line': b'writing entry points to ../build/py_pubsub/py_pubsub.egg-info/entry_points.txt\n'}
[0.644249] (py_pubsub) StdoutLine: {'line': b'writing requirements to ../build/py_pubsub/py_pubsub.egg-info/requires.txt\n'}
[0.644776] (turtlebot_sensor) StdoutLine: {'line': b'running egg_info\n'}
[0.646376] (turtlebot_sensor) StdoutLine: {'line': b'writing ../build/turtlebot_sensor/turtlebot_sensor.egg-info/PKG-INFO\n'}
[0.646929] (py_pubsub) StdoutLine: {'line': b'writing top-level names to ../build/py_pubsub/py_pubsub.egg-info/top_level.txt\n'}
[0.649126] (turtlebot_sensor) StdoutLine: {'line': b'writing dependency_links to ../build/turtlebot_sensor/turtlebot_sensor.egg-info/dependency_links.txt\n'}
[0.650355] (py_pubsub) StdoutLine: {'line': b"reading manifest file '../build/py_pubsub/py_pubsub.egg-info/SOURCES.txt'\n"}
[0.650590] (py_pubsub) StdoutLine: {'line': b"adding license file 'LICENSE'\n"}
[0.650815] (py_pubsub) StdoutLine: {'line': b"writing manifest file '../build/py_pubsub/py_pubsub.egg-info/SOURCES.txt'\n"}
[0.651639] (turtlebot_sensor) StdoutLine: {'line': b'writing entry points to ../build/turtlebot_sensor/turtlebot_sensor.egg-info/entry_points.txt\n'}
[0.656308] (py_pubsub) StdoutLine: {'line': b'running build\n'}
[0.656382] (py_pubsub) StdoutLine: {'line': b'running build_py\n'}
[0.656598] (py_pubsub) StdoutLine: {'line': b'running install\n'}
[0.656725] (turtlebot_sensor) StdoutLine: {'line': b'writing requirements to ../build/turtlebot_sensor/turtlebot_sensor.egg-info/requires.txt\n'}
[0.656818] (py_pubsub) StdoutLine: {'line': b'running install_lib\n'}
[0.657452] (py_pubsub) StdoutLine: {'line': b'running install_data\n'}
[0.657562] (py_pubsub) StdoutLine: {'line': b'running install_egg_info\n'}
[0.658413] (py_pubsub) StdoutLine: {'line': b"removing '/afs/ec.auckland.ac.nz/users/j/z/jzen379/unixhome/ros2_ws/src/install/py_pubsub/lib/python3.10/site-packages/py_pubsub-0.0.0-py3.10.egg-info' (and everything under it)\n"}
[0.659276] (turtlebot_sensor) StdoutLine: {'line': b'writing top-level names to ../build/turtlebot_sensor/turtlebot_sensor.egg-info/top_level.txt\n'}
[0.662981] (turtlebot_sensor) StdoutLine: {'line': b"reading manifest file '../build/turtlebot_sensor/turtlebot_sensor.egg-info/SOURCES.txt'\n"}
[0.663091] (turtlebot_sensor) StdoutLine: {'line': b"adding license file 'LICENSE'\n"}
[0.663354] (turtlebot_sensor) StdoutLine: {'line': b"writing manifest file '../build/turtlebot_sensor/turtlebot_sensor.egg-info/SOURCES.txt'\n"}
[0.666536] (turtlebot_sensor) StdoutLine: {'line': b'running build\n'}
[0.666661] (turtlebot_sensor) StdoutLine: {'line': b'running build_py\n'}
[0.666747] (turtlebot_sensor) StdoutLine: {'line': b'copying turtlebot_sensor/sync_node.py -> /afs/ec.auckland.ac.nz/users/j/z/jzen379/unixhome/ros2_ws/src/build/turtlebot_sensor/build/lib/turtlebot_sensor\n'}
[0.674823] (py_pubsub) StdoutLine: {'line': b'Copying ../build/py_pubsub/py_pubsub.egg-info to /afs/ec.auckland.ac.nz/users/j/z/jzen379/unixhome/ros2_ws/src/install/py_pubsub/lib/python3.10/site-packages/py_pubsub-0.0.0-py3.10.egg-info\n'}
[0.676463] (turtlebot_sensor) StdoutLine: {'line': b'copying turtlebot_sensor/hsv_tuner.py -> /afs/ec.auckland.ac.nz/users/j/z/jzen379/unixhome/ros2_ws/src/build/turtlebot_sensor/build/lib/turtlebot_sensor\n'}
[0.684404] (turtlebot_sensor) StdoutLine: {'line': b'copying turtlebot_sensor/explorer.py -> /afs/ec.auckland.ac.nz/users/j/z/jzen379/unixhome/ros2_ws/src/build/turtlebot_sensor/build/lib/turtlebot_sensor\n'}
[0.692047] (turtlebot_sensor) StdoutLine: {'line': b'running install\n'}
[0.692611] (turtlebot_sensor) StdoutLine: {'line': b'running install_lib\n'}
[0.694253] (turtlebot_sensor) StdoutLine: {'line': b'copying /afs/ec.auckland.ac.nz/users/j/z/jzen379/unixhome/ros2_ws/src/build/turtlebot_sensor/build/lib/turtlebot_sensor/sync_node.py -> /afs/ec.auckland.ac.nz/users/j/z/jzen379/unixhome/ros2_ws/src/install/turtlebot_sensor/lib/python3.10/site-packages/turtlebot_sensor\n'}
[0.698767] (-) TimerEvent: {}
[0.705672] (turtlebot_sensor) StdoutLine: {'line': b'copying /afs/ec.auckland.ac.nz/users/j/z/jzen379/unixhome/ros2_ws/src/build/turtlebot_sensor/build/lib/turtlebot_sensor/hsv_tuner.py -> /afs/ec.auckland.ac.nz/users/j/z/jzen379/unixhome/ros2_ws/src/install/turtlebot_sensor/lib/python3.10/site-packages/turtlebot_sensor\n'}
[0.715322] (turtlebot_sensor) StdoutLine: {'line': b'copying /afs/ec.auckland.ac.nz/users/j/z/jzen379/unixhome/ros2_ws/src/build/turtlebot_sensor/build/lib/turtlebot_sensor/explorer.py -> /afs/ec.auckland.ac.nz/users/j/z/jzen379/unixhome/ros2_ws/src/install/turtlebot_sensor/lib/python3.10/site-packages/turtlebot_sensor\n'}
[0.720860] (py_pubsub) StdoutLine: {'line': b'running install_scripts\n'}
[0.724151] (turtlebot_sensor) StdoutLine: {'line': b'byte-compiling /afs/ec.auckland.ac.nz/users/j/z/jzen379/unixhome/ros2_ws/src/install/turtlebot_sensor/lib/python3.10/site-packages/turtlebot_sensor/sync_node.py to sync_node.cpython-310.pyc\n'}
[0.736612] (turtlebot_sensor) StdoutLine: {'line': b'byte-compiling /afs/ec.auckland.ac.nz/users/j/z/jzen379/unixhome/ros2_ws/src/install/turtlebot_sensor/lib/python3.10/site-packages/turtlebot_sensor/hsv_tuner.py to hsv_tuner.cpython-310.pyc\n'}
[0.743557] (py_pubsub) StdoutLine: {'line': b'Installing listener script to /afs/ec.auckland.ac.nz/users/j/z/jzen379/unixhome/ros2_ws/src/install/py_pubsub/lib/py_pubsub\n'}
[0.744158] (turtlebot_sensor) StdoutLine: {'line': b'byte-compiling /afs/ec.auckland.ac.nz/users/j/z/jzen379/unixhome/ros2_ws/src/install/turtlebot_sensor/lib/python3.10/site-packages/turtlebot_sensor/explorer.py to explorer.cpython-310.pyc\n'}
[0.747649] (py_pubsub) StdoutLine: {'line': b'Installing talker script to /afs/ec.auckland.ac.nz/users/j/z/jzen379/unixhome/ros2_ws/src/install/py_pubsub/lib/py_pubsub\n'}
[0.751035] (turtlebot_sensor) StdoutLine: {'line': b'running install_data\n'}
[0.751225] (turtlebot_sensor) StdoutLine: {'line': b'copying launch/sync.launch.py -> /afs/ec.auckland.ac.nz/users/j/z/jzen379/unixhome/ros2_ws/src/install/turtlebot_sensor/share/turtlebot_sensor/launch\n'}
[0.751343] (py_pubsub) StdoutLine: {'line': b"writing list of installed files to '/afs/ec.auckland.ac.nz/users/j/z/jzen379/unixhome/ros2_ws/src/build/py_pubsub/install.log'\n"}
[0.758268] (turtlebot_sensor) StdoutLine: {'line': b'copying launch/slam.launch.py -> /afs/ec.auckland.ac.nz/users/j/z/jzen379/unixhome/ros2_ws/src/install/turtlebot_sensor/share/turtlebot_sensor/launch\n'}
[0.764350] (turtlebot_sensor) StdoutLine: {'line': b'copying launch/mapping.launch.py -> /afs/ec.auckland.ac.nz/users/j/z/jzen379/unixhome/ros2_ws/src/install/turtlebot_sensor/share/turtlebot_sensor/launch\n'}
[0.769357] (py_pubsub) CommandEnded: {'returncode': 0}
[0.782000] (turtlebot_sensor) StdoutLine: {'line': b'running install_egg_info\n'}
[0.783420] (turtlebot_sensor) StdoutLine: {'line': b"removing '/afs/ec.auckland.ac.nz/users/j/z/jzen379/unixhome/ros2_ws/src/install/turtlebot_sensor/lib/python3.10/site-packages/turtlebot_sensor-0.0.0-py3.10.egg-info' (and everything under it)\n"}
[0.796467] (turtlebot_sensor) StdoutLine: {'line': b'Copying ../build/turtlebot_sensor/turtlebot_sensor.egg-info to /afs/ec.auckland.ac.nz/users/j/z/jzen379/unixhome/ros2_ws/src/install/turtlebot_sensor/lib/python3.10/site-packages/turtlebot_sensor-0.0.0-py3.10.egg-info\n'}
[0.798844] (-) TimerEvent: {}
[0.811638] (py_pubsub) JobEnded: {'identifier': 'py_pubsub', 'rc': 0}
[0.840287] (turtlebot_sensor) StdoutLine: {'line': b'running install_scripts\n'}
[0.862339] (turtlebot_sensor) StdoutLine: {'line': b'Installing sync_node script to /afs/ec.auckland.ac.nz/users/j/z/jzen379/unixhome/ros2_ws/src/install/turtlebot_sensor/lib/turtlebot_sensor\n'}
[0.866378] (turtlebot_sensor) StdoutLine: {'line': b'Installing turtlebot4_explorer script to /afs/ec.auckland.ac.nz/users/j/z/jzen379/unixhome/ros2_ws/src/install/turtlebot_sensor/lib/turtlebot_sensor\n'}
[0.880015] (turtlebot_sensor) StdoutLine: {'line': b"writing list of installed files to '/afs/ec.auckland.ac.nz/users/j/z/jzen379/unixhome/ros2_ws/src/build/turtlebot_sensor/install.log'\n"}
[0.899157] (turtlebot_sensor) CommandEnded: {'returncode': 0}
[0.899508] (-) TimerEvent: {}
[0.926579] (turtlebot_sensor) JobEnded: {'identifier': 'turtlebot_sensor', 'rc': 0}
[0.939318] (-) EventReactorShutdown: {}
